02:56:43: Creating resource group General
02:56:43: Creating resource group Internal
02:56:43: Creating resource group Autodetect
02:56:43: SceneManagerFactory for type 'DefaultSceneManager' registered.
02:56:43: Registering ResourceManager for type Material
02:56:43: Registering ResourceManager for type Mesh
02:56:43: Registering ResourceManager for type Skeleton
02:56:43: MovableObjectFactory for type 'ParticleSystem' registered.
02:56:43: OverlayElementFactory for type Panel registered.
02:56:43: OverlayElementFactory for type BorderPanel registered.
02:56:43: OverlayElementFactory for type TextArea registered.
02:56:43: Registering ResourceManager for type Font
02:56:43: ArchiveFactory for archive type FileSystem registered.
02:56:43: ArchiveFactory for archive type Zip registered.
02:56:43: FreeImage version: 3.9.2
02:56:43: This program uses FreeImage, a free, open source image library supporting all common bitmap formats. See http://freeimage.sourceforge.net for details
02:56:43: Supported formats: bmp,ico,jpg,jif,jpeg,jpe,jng,koa,iff,lbm,mng,pbm,pbm,pcd,pcx,pgm,pgm,png,ppm,ppm,ras,tga,targa,tif,tiff,wap,wbmp,wbm,psd,cut,xbm,xpm,gif,hdr,g3,sgi
02:56:43: DDS codec registering
02:56:43: Registering ResourceManager for type HighLevelGpuProgram
02:56:43: Registering ResourceManager for type Compositor
02:56:43: MovableObjectFactory for type 'Entity' registered.
02:56:43: MovableObjectFactory for type 'Light' registered.
02:56:43: MovableObjectFactory for type 'BillboardSet' registered.
02:56:43: MovableObjectFactory for type 'ManualObject' registered.
02:56:43: MovableObjectFactory for type 'BillboardChain' registered.
02:56:43: MovableObjectFactory for type 'RibbonTrail' registered.
02:56:43: Loading library .\RenderSystem_Direct3D9
02:56:43: Installing plugin: D3D9 RenderSystem
02:56:43: D3D9 : Direct3D9 Rendering Subsystem created.
02:56:43: D3D9: Driver Detection Starts
02:56:43: D3D9: Driver Detection Ends
02:56:43: Plugin successfully installed
02:56:43: Loading library .\RenderSystem_GL
02:56:44: Installing plugin: GL RenderSystem
02:56:44: OpenGL Rendering Subsystem created.
02:56:44: Plugin successfully installed
02:56:44: Loading library .\Plugin_ParticleFX
02:56:44: Installing plugin: ParticleFX
02:56:44: Particle Emitter Type 'Point' registered
02:56:44: Particle Emitter Type 'Box' registered
02:56:44: Particle Emitter Type 'Ellipsoid' registered
02:56:44: Particle Emitter Type 'Cylinder' registered
02:56:44: Particle Emitter Type 'Ring' registered
02:56:44: Particle Emitter Type 'HollowEllipsoid' registered
02:56:44: Particle Affector Type 'LinearForce' registered
02:56:44: Particle Affector Type 'ColourFader' registered
02:56:44: Particle Affector Type 'ColourFader2' registered
02:56:44: Particle Affector Type 'ColourImage' registered
02:56:44: Particle Affector Type 'ColourInterpolator' registered
02:56:44: Particle Affector Type 'Scaler' registered
02:56:44: Particle Affector Type 'Rotator' registered
02:56:44: Particle Affector Type 'DirectionRandomiser' registered
02:56:44: Particle Affector Type 'DeflectorPlane' registered
02:56:44: Plugin successfully installed
02:56:44: Loading library .\Plugin_BSPSceneManager
02:56:44: Installing plugin: BSP Scene Manager
02:56:44: Plugin successfully installed
02:56:44: Loading library .\Plugin_OctreeSceneManager
02:56:44: Installing plugin: Octree & Terrain Scene Manager
02:56:44: Plugin successfully installed
02:56:44: Loading library .\Plugin_CgProgramManager
02:56:44: Installing plugin: Cg Program Manager
02:56:44: Plugin successfully installed
02:56:44: *-*-* OGRE Initialising
02:56:44: *-*-* Version 1.4.0 (Eihort)
02:56:44: Creating resource group Bootstrap
02:56:44: Added resource location 'GUI/OgreCore.zip' of type 'Zip' to resource group 'Bootstrap'
02:56:44: Creating resource group CeguiMeshViewer
02:56:44: Added resource location 'CeguiMeshViewer' of type 'FileSystem' to resource group 'CeguiMeshViewer'
02:56:44: Added resource location '../../ApeLoader/media/' of type 'FileSystem' to resource group 'General'
02:56:44: Added resource location 'GUI' of type 'FileSystem' to resource group 'General'
02:56:44: Added resource location 'GUI/Fonts' of type 'FileSystem' to resource group 'General'
02:56:44: Added resource location 'GUI/Images' of type 'FileSystem' to resource group 'General'
02:56:44: Added resource location 'GUI/Layouts' of type 'FileSystem' to resource group 'General'
02:56:44: Added resource location 'GUI/Skin' of type 'FileSystem' to resource group 'General'
02:56:44: Added resource location '../../Media/Characters' of type 'FileSystem' to resource group 'General'
02:56:44: Added resource location '../../Media/others' of type 'FileSystem' to resource group 'General'
02:56:44: Added resource location './' of type 'FileSystem' to resource group 'CeguiMeshViewer'
02:56:44: D3D9 : RenderSystem Option: Allow NVPerfHUD = No
02:56:44: D3D9 : RenderSystem Option: Anti aliasing = None
02:56:44: D3D9 : RenderSystem Option: Floating-point mode = Fastest
02:56:44: D3D9 : RenderSystem Option: Full Screen = No
02:56:44: D3D9 : RenderSystem Option: Rendering Device = NVIDIA GeForce 6600 GT
02:56:44: D3D9 : RenderSystem Option: VSync = No
02:56:44: D3D9 : RenderSystem Option: Video Mode = 1024 x 768 @ 32-bit colour
02:56:48: D3D9 : RenderSystem Option: Video Mode = 1280 x 1024 @ 32-bit colour
02:56:52: D3D9 : RenderSystem Option: Anti aliasing = Level 4
02:56:53: CPU Identifier & Features
02:56:53: -------------------------
02:56:53:  *   CPU ID: AuthenticAMD: AMD Athlon(tm) 64 Processor 3000+
02:56:53:  *      SSE: yes
02:56:53:  *     SSE2: yes
02:56:53:  *     SSE3: yes
02:56:53:  *      MMX: yes
02:56:53:  *   MMXEXT: yes
02:56:53:  *    3DNOW: yes
02:56:53:  * 3DNOWEXT: yes
02:56:53:  *     CMOV: yes
02:56:53:  *      TSC: yes
02:56:53:  *      FPU: yes
02:56:53:  *      PRO: yes
02:56:53:  *       HT: no
02:56:53: -------------------------
02:56:53: D3D9 : Subsystem Initialising
02:56:53: D3D9RenderSystem::createRenderWindow "OGRE Mesh Viewer", 1280x1024 windowed  miscParams: FSAA=4 FSAAQuality=0 colourDepth=32 useNVPerfHUD=false vsync=false 
02:56:53: D3D9 : Created D3D9 Rendering Window 'OGRE Mesh Viewer' : 1272x990, 32bpp
02:56:53: D3D9 : WARNING - disabling VSync in windowed mode can cause timing issues at lower frame rates, turn VSync on if you observe this problem.
02:56:53: Registering ResourceManager for type Texture
02:56:53: Registering ResourceManager for type GpuProgram
02:56:53: D3D9: Vertex texture format supported - PF_FLOAT32_RGB
02:56:53: D3D9: Vertex texture format supported - PF_FLOAT32_RGBA
02:56:53: D3D9: Vertex texture format supported - PF_FLOAT32_R
02:56:53: RenderSystem capabilities
02:56:53: -------------------------
02:56:53:  * Hardware generation of mipmaps: yes
02:56:53:  * Texture blending: yes
02:56:53:  * Anisotropic texture filtering: yes
02:56:53:  * Dot product texture operation: yes
02:56:53:  * Cube mapping: yes
02:56:53:  * Hardware stencil buffer: yes
02:56:53:    - Stencil depth: 8
02:56:53:    - Two sided stencil support: yes
02:56:53:    - Wrap stencil values: yes
02:56:53:  * Hardware vertex / index buffers: yes
02:56:53:  * Vertex programs: yes
02:56:53:    - Max vertex program version: vs_3_0
02:56:53:  * Fragment programs: yes
02:56:53:    - Max fragment program version: ps_3_0
02:56:53:  * Texture Compression: yes
02:56:53:    - DXT: yes
02:56:53:    - VTC: no
02:56:53:  * Scissor Rectangle: yes
02:56:53:  * Hardware Occlusion Query: yes
02:56:53:  * User clip planes: yes
02:56:53:  * VET_UBYTE4 vertex element type: yes
02:56:53:  * Infinite far plane projection: yes
02:56:53:  * Hardware render-to-texture: yes
02:56:53:  * Floating point textures: yes
02:56:53:  * Non-power-of-two textures: yes
02:56:53:  * Volume textures: yes
02:56:53:  * Multiple Render Targets: 4
02:56:53:  * Point Sprites: yes
02:56:53:  * Extended point parameters: yes
02:56:53:  * Max Point Size: 8192
02:56:53:  * Vertex texture fetch: yes
02:56:53:    - Max vertex textures: 4
02:56:53:    - Vertex textures shared: no
02:56:53: ***************************************
02:56:53: *** D3D9 : Subsystem Initialised OK ***
02:56:53: ***************************************
02:56:53: ResourceBackgroundQueue - threading disabled
02:56:53: Particle Renderer Type 'billboard' registered
02:56:53: SceneManagerFactory for type 'OctreeSceneManager' registered.
02:56:53: SceneManagerFactory for type 'TerrainSceneManager' registered.
02:56:53: SceneManagerFactory for type 'BspSceneManager' registered.
02:56:53: Registering ResourceManager for type BspLevel
02:56:53: Initialising resource group Bootstrap
02:56:53: Parsing scripts for resource group Bootstrap
02:56:53: Parsing script OgreCore.material
02:56:53: Parsing script OgreProfiler.material
02:56:53: Parsing script Ogre.fontdef
02:56:53: Parsing script OgreDebugPanel.overlay
02:56:53: Texture: New_Ogre_Border_Center.png: Loading 1 faces(PF_A8R8G8B8,256x128x1) with  hardware generated mipmaps from Image. Internal format is PF_A8R8G8B8,256x128x1.
02:56:53: Texture: New_Ogre_Border.png: Loading 1 faces(PF_A8R8G8B8,256x256x1) with  hardware generated mipmaps from Image. Internal format is PF_A8R8G8B8,256x256x1.
02:56:53: Texture: New_Ogre_Border_Break.png: Loading 1 faces(PF_A8R8G8B8,32x32x1) with  hardware generated mipmaps from Image. Internal format is PF_A8R8G8B8,32x32x1.
02:56:53: Font BlueHighwayusing texture size 512x512
02:56:53: Info: Freetype returned null for character 127 in font BlueHighway
02:56:53: Info: Freetype returned null for character 128 in font BlueHighway
02:56:53: Info: Freetype returned null for character 129 in font BlueHighway
02:56:53: Info: Freetype returned null for character 130 in font BlueHighway
02:56:53: Info: Freetype returned null for character 131 in font BlueHighway
02:56:53: Info: Freetype returned null for character 132 in font BlueHighway
02:56:53: Info: Freetype returned null for character 133 in font BlueHighway
02:56:53: Info: Freetype returned null for character 134 in font BlueHighway
02:56:53: Info: Freetype returned null for character 135 in font BlueHighway
02:56:53: Info: Freetype returned null for character 136 in font BlueHighway
02:56:53: Info: Freetype returned null for character 137 in font BlueHighway
02:56:53: Info: Freetype returned null for character 138 in font BlueHighway
02:56:53: Info: Freetype returned null for character 139 in font BlueHighway
02:56:53: Info: Freetype returned null for character 140 in font BlueHighway
02:56:53: Info: Freetype returned null for character 141 in font BlueHighway
02:56:53: Info: Freetype returned null for character 142 in font BlueHighway
02:56:53: Info: Freetype returned null for character 143 in font BlueHighway
02:56:53: Info: Freetype returned null for character 144 in font BlueHighway
02:56:53: Info: Freetype returned null for character 145 in font BlueHighway
02:56:53: Info: Freetype returned null for character 146 in font BlueHighway
02:56:53: Info: Freetype returned null for character 147 in font BlueHighway
02:56:53: Info: Freetype returned null for character 148 in font BlueHighway
02:56:53: Info: Freetype returned null for character 149 in font BlueHighway
02:56:53: Info: Freetype returned null for character 150 in font BlueHighway
02:56:53: Info: Freetype returned null for character 151 in font BlueHighway
02:56:53: Info: Freetype returned null for character 152 in font BlueHighway
02:56:53: Info: Freetype returned null for character 153 in font BlueHighway
02:56:53: Info: Freetype returned null for character 154 in font BlueHighway
02:56:53: Info: Freetype returned null for character 155 in font BlueHighway
02:56:53: Info: Freetype returned null for character 156 in font BlueHighway
02:56:53: Info: Freetype returned null for character 157 in font BlueHighway
02:56:53: Info: Freetype returned null for character 158 in font BlueHighway
02:56:53: Info: Freetype returned null for character 159 in font BlueHighway
02:56:53: Info: Freetype returned null for character 160 in font BlueHighway
02:56:53: Texture: BlueHighwayTexture: Loading 1 faces(PF_BYTE_LA,512x512x1) with 0 generated mipmaps from Image. Internal format is PF_BYTE_LA,512x512x1.
02:56:53: Texture: ogretext.png: Loading 1 faces(PF_A8R8G8B8,256x128x1) with  hardware generated mipmaps from Image. Internal format is PF_A8R8G8B8,256x128x1.
02:56:53: Parsing script OgreLoadingPanel.overlay
02:56:53: Finished parsing scripts for resource group Bootstrap
02:56:53: Creating viewport on target 'OGRE Mesh Viewer', rendering from camera 'Camera', relative dimensions L: 0.00 T: 0.00 W: 1.00 H: 1.00 ZOrder: 0
02:56:53: Viewport for camera 'Camera', actual dimensions L: 0 T: 0 W: 1272 H: 990
02:56:53: Texture: TaharezLook.tga: Loading 1 faces(PF_A8R8G8B8,256x256x1) with 0 generated mipmaps from Image. Internal format is PF_A8R8G8B8,256x256x1.
02:56:54: Texture: _cegui_ogre_0: Loading 1 faces(PF_A8R8G8B8,256x256x1) with 0 generated mipmaps from Image. Internal format is PF_A8R8G8B8,256x256x1.
02:56:54: WARNING: Texture instance 'RttTex' was defined as manually loaded, but no manual loader was provided. This Resource will be lost if it has to be reloaded.
02:56:54: Creating viewport on target 'rtt/44636224', rendering from camera 'ReflectCam', relative dimensions L: 0.00 T: 0.00 W: 1.00 H: 1.00 ZOrder: 0
02:56:54: Viewport for camera 'ReflectCam', actual dimensions L: 0 T: 0 W: 2048 H: 2048
02:56:54: Initialising resource group Bootstrap
02:56:56: Initialising resource group Autodetect
02:56:56: Parsing scripts for resource group Autodetect
02:56:56: Finished parsing scripts for resource group Autodetect
02:56:56: Initialising resource group Bootstrap
02:56:56: Initialising resource group CeguiMeshViewer
02:56:56: Parsing scripts for resource group CeguiMeshViewer
02:56:56: Finished parsing scripts for resource group CeguiMeshViewer
02:56:56: Initialising resource group General
02:56:56: Parsing scripts for resource group General
02:56:56: Parsing script NormalMapping.program
02:56:56: Parsing script freddy.material
02:56:56: Parsing script FreddyHeadMaterial.material
02:56:56: Finished parsing scripts for resource group General
02:56:56: Initialising resource group Internal
02:56:56: Parsing scripts for resource group Internal
02:56:56: Finished parsing scripts for resource group Internal
02:56:58: Mesh: Loading freddy.mesh.
02:56:58: Skeleton: Loading Freddy.skeleton
02:56:58: D3D9 : Loading 2D Texture, image name : 'Freddy_diffuse.dds' with 2147483647 mip map levels
02:56:58: Texture: Freddy_normals.png: Loading 1 faces(PF_R8G8B8,1024x1024x1) with  hardware generated mipmaps from Image. Internal format is PF_X8R8G8B8,1024x1024x1.
