03:37:56: Creating resource group General
03:37:56: Creating resource group Internal
03:37:56: Creating resource group Autodetect
03:37:56: SceneManagerFactory for type 'DefaultSceneManager' registered.
03:37:56: Registering ResourceManager for type Material
03:37:56: Registering ResourceManager for type Mesh
03:37:56: Registering ResourceManager for type Skeleton
03:37:56: MovableObjectFactory for type 'ParticleSystem' registered.
03:37:56: OverlayElementFactory for type Panel registered.
03:37:56: OverlayElementFactory for type BorderPanel registered.
03:37:56: OverlayElementFactory for type TextArea registered.
03:37:56: Registering ResourceManager for type Font
03:37:56: ArchiveFactory for archive type FileSystem registered.
03:37:56: ArchiveFactory for archive type Zip registered.
03:37:56: FreeImage version: 3.10.0
03:37:56: This program uses FreeImage, a free, open source image library supporting all common bitmap formats. See http://freeimage.sourceforge.net for details
03:37:56: Supported formats: bmp,ico,jpg,jif,jpeg,jpe,jng,koa,iff,lbm,mng,pbm,pbm,pcd,pcx,pgm,pgm,png,ppm,ppm,ras,tga,targa,tif,tiff,wap,wbmp,wbm,psd,cut,xbm,xpm,gif,hdr,g3,sgi,exr,j2k,j2c,jp2
03:37:56: DDS codec registering
03:37:56: Registering ResourceManager for type HighLevelGpuProgram
03:37:56: Registering ResourceManager for type Compositor
03:37:56: MovableObjectFactory for type 'Entity' registered.
03:37:56: MovableObjectFactory for type 'Light' registered.
03:37:56: MovableObjectFactory for type 'BillboardSet' registered.
03:37:56: MovableObjectFactory for type 'ManualObject' registered.
03:37:56: MovableObjectFactory for type 'BillboardChain' registered.
03:37:56: MovableObjectFactory for type 'RibbonTrail' registered.
03:37:56: Loading library .\RenderSystem_GL
03:37:56: Installing plugin: GL RenderSystem
03:37:56: OpenGL Rendering Subsystem created.
03:37:57: Plugin successfully installed
03:37:57: Loading library .\RenderSystem_Direct3D9
03:37:57: Installing plugin: D3D9 RenderSystem
03:37:57: D3D9 : Direct3D9 Rendering Subsystem created.
03:37:57: D3D9: Driver Detection Starts
03:37:57: D3D9: Driver Detection Ends
03:37:57: Plugin successfully installed
03:37:57: *-*-* OGRE Initialising
03:37:57: *-*-* Version 1.6.1 (Shoggoth)
03:37:57: Creating resource group Bootstrap
03:37:57: Added resource location './OgreCore.zip' of type 'Zip' to resource group 'Bootstrap'
03:37:57: Added resource location '../../Media/GUI' of type 'FileSystem' to resource group 'General'
03:37:57: Added resource location '../../Media/GUI/MyGUI_Media' of type 'FileSystem' to resource group 'General'
03:37:57: Added resource location './' of type 'FileSystem' to resource group 'General'
03:37:57: D3D9 : RenderSystem Option: Allow NVPerfHUD = No
03:37:57: D3D9 : RenderSystem Option: Anti aliasing = None
03:37:57: D3D9 : RenderSystem Option: Floating-point mode = Fastest
03:37:57: D3D9 : RenderSystem Option: Full Screen = Yes
03:37:57: D3D9 : RenderSystem Option: Rendering Device = NVIDIA GeForce 6600 GT
03:37:57: D3D9 : RenderSystem Option: VSync = No
03:37:57: D3D9 : RenderSystem Option: Video Mode = 800 x 600 @ 32-bit colour
03:37:57: D3D9 : RenderSystem Option: sRGB Gamma Conversion = No
03:37:57: CPU Identifier & Features
03:37:57: -------------------------
03:37:57:  *   CPU ID: AuthenticAMD: AMD Athlon(tm) 64 Processor 3000+
03:37:57:  *      SSE: yes
03:37:57:  *     SSE2: yes
03:37:57:  *     SSE3: yes
03:37:57:  *      MMX: yes
03:37:57:  *   MMXEXT: yes
03:37:57:  *    3DNOW: yes
03:37:57:  * 3DNOWEXT: yes
03:37:57:  *     CMOV: yes
03:37:57:  *      TSC: yes
03:37:57:  *      FPU: yes
03:37:57:  *      PRO: yes
03:37:57:  *       HT: no
03:37:57: -------------------------
03:37:57: *** Starting Win32GL Subsystem ***
03:37:57: GLRenderSystem::_createRenderWindow "MyGUI Layout Editor", 1024x768 windowed  miscParams: FSAA=0 colourDepth=32 displayFrequency=0 gamma=false vsync=false 
03:37:57: Created Win32Window 'MyGUI Layout Editor' : 1024x768, 32bpp
03:37:58: GL_VERSION = 2.1.1
03:37:58: GL_VENDOR = NVIDIA Corporation
03:37:58: GL_RENDERER = GeForce 6600 GT/PCI/SSE2/3DNOW!
03:37:58: GL_EXTENSIONS = GL_ARB_color_buffer_float GL_ARB_depth_texture GL_ARB_draw_buffers GL_ARB_fragment_program GL_ARB_fragment_program_shadow GL_ARB_fragment_shader GL_ARB_half_float_pixel GL_ARB_imaging GL_ARB_multisample GL_ARB_multitexture GL_ARB_occlusion_query GL_ARB_pixel_buffer_object GL_ARB_point_parameters GL_ARB_point_sprite GL_ARB_shadow GL_ARB_shader_objects GL_ARB_shading_language_100 GL_ARB_texture_border_clamp GL_ARB_texture_compression GL_ARB_texture_cube_map GL_ARB_texture_env_add GL_ARB_texture_env_combine GL_ARB_texture_env_dot3 GL_ARB_texture_float GL_ARB_texture_mirrored_repeat GL_ARB_texture_non_power_of_two GL_ARB_texture_rectangle GL_ARB_transpose_matrix GL_ARB_vertex_buffer_object GL_ARB_vertex_program GL_ARB_vertex_shader GL_ARB_window_pos GL_ATI_draw_buffers GL_ATI_texture_float GL_ATI_texture_mirror_once GL_S3_s3tc GL_EXT_texture_env_add GL_EXT_abgr GL_EXT_bgra GL_EXT_blend_color GL_EXT_blend_equation_separate GL_EXT_blend_func_separate GL_EXT_blend_minmax GL_EXT_blend_subtract GL_EXT_compiled_vertex_array GL_EXT_Cg_shader GL_EXT_depth_bounds_test GL_EXT_draw_range_elements GL_EXT_fog_coord GL_EXT_framebuffer_blit GL_EXT_framebuffer_multisample GL_EXT_framebuffer_object GL_EXT_gpu_program_parameters GL_EXT_multi_draw_arrays GL_EXT_packed_depth_stencil GL_EXT_packed_pixels GL_EXT_pixel_buffer_object GL_EXT_point_parameters GL_EXT_rescale_normal GL_EXT_secondary_color GL_EXT_separate_specular_color GL_EXT_shadow_funcs GL_EXT_stencil_two_side GL_EXT_stencil_wrap GL_EXT_texture3D GL_EXT_texture_compression_s3tc GL_EXT_texture_cube_map GL_EXT_texture_edge_clamp GL_EXT_texture_env_combine GL_EXT_texture_env_dot3 GL_EXT_texture_filter_anisotropic GL_EXT_texture_lod GL_EXT_texture_lod_bias GL_EXT_texture_mirror_clamp GL_EXT_texture_object GL_EXT_texture_sRGB GL_EXT_timer_query GL_EXT_vertex_array GL_IBM_rasterpos_clip GL_IBM_texture_mirrored_repeat GL_KTX_buffer_region GL_NV_blend_square GL_NV_copy_depth_to_color GL_NV_depth_clamp GL_NV_fence GL_NV_float_buffer GL_NV_fog_distance GL_NV_fragment_program GL_NV_fragment_program_option GL_NV_fragment_program2 GL_NV_framebuffer_multisample_coverage GL_NV_half_float GL_NV_light_max_exponent GL_NV_multisample_filter_hint GL_NV_occlusion_query GL_NV_packed_depth_stencil GL_NV_pixel_data_range GL_NV_point_sprite GL_NV_primitive_restart GL_NV_register_combiners GL_NV_register_combiners2 GL_NV_texgen_reflection GL_NV_texture_compression_vtc GL_NV_texture_env_combine4 GL_NV_texture_expand_normal GL_NV_texture_rectangle GL_NV_texture_shader GL_NV_texture_shader2 GL_NV_texture_shader3 GL_NV_vertex_array_range GL_NV_vertex_array_range2 GL_NV_vertex_program GL_NV_vertex_program1_1 GL_NV_vertex_program2 GL_NV_vertex_program2_option GL_NV_vertex_program3 GL_NVX_conditional_render GL_SGIS_generate_mipmap GL_SGIS_texture_lod GL_SGIX_depth_texture GL_SGIX_shadow GL_SUN_slice_accum GL_WIN_swap_hint WGL_EXT_swap_control 
03:37:58: Supported WGL extensions: WGL_ARB_buffer_region WGL_ARB_extensions_string WGL_ARB_make_current_read WGL_ARB_multisample WGL_ARB_pbuffer WGL_ARB_pixel_format WGL_ARB_pixel_format_float WGL_ARB_render_texture WGL_ATI_pixel_format_float WGL_EXT_extensions_string WGL_EXT_swap_control WGL_NV_float_buffer WGL_NV_render_depth_texture WGL_NV_render_texture_rectangle 
03:37:58: ***************************
03:37:58: *** GL Renderer Started ***
03:37:58: ***************************
03:37:58: Registering ResourceManager for type GpuProgram
03:37:58: GLSL support detected
03:37:58: GL: Using GL_EXT_framebuffer_object for rendering to textures (best)
03:37:58: FBO PF_UNKNOWN depth/stencil support: D16S0 D24S0 D32S0 Packed-D24S8 
03:37:58: FBO PF_R5G6B5 depth/stencil support: D0S0 D16S0 
03:37:58: FBO PF_B5G6R5 depth/stencil support: D0S0 D16S0 
03:37:58: FBO PF_R8G8B8 depth/stencil support: D0S0 D24S0 D32S0 Packed-D24S8 
03:37:58: FBO PF_B8G8R8 depth/stencil support: D0S0 D24S0 D32S0 Packed-D24S8 
03:37:58: FBO PF_A8R8G8B8 depth/stencil support: D0S0 D24S0 D32S0 Packed-D24S8 
03:37:58: FBO PF_B8G8R8A8 depth/stencil support: D0S0 D24S0 D32S0 Packed-D24S8 
03:37:58: FBO PF_A2R10G10B10 depth/stencil support: D0S0 D24S0 D32S0 Packed-D24S8 
03:37:58: FBO PF_A2B10G10R10 depth/stencil support: D0S0 D24S0 D32S0 Packed-D24S8 
03:37:58: FBO PF_FLOAT16_RGB depth/stencil support: D0S0 D24S0 D32S0 Packed-D24S8 
03:37:58: FBO PF_FLOAT16_RGBA depth/stencil support: D0S0 D24S0 D32S0 Packed-D24S8 
03:37:58: FBO PF_FLOAT32_RGB depth/stencil support: D0S0 D24S0 D32S0 Packed-D24S8 
03:37:58: FBO PF_FLOAT32_RGBA depth/stencil support: D0S0 D24S0 D32S0 Packed-D24S8 
03:37:58: FBO PF_X8R8G8B8 depth/stencil support: D0S0 D24S0 D32S0 Packed-D24S8 
03:37:58: FBO PF_X8B8G8R8 depth/stencil support: D0S0 D24S0 D32S0 Packed-D24S8 
03:37:58: FBO PF_SHORT_RGBA depth/stencil support: D0S0 D24S0 D32S0 Packed-D24S8 
03:37:59: FBO PF_R3G3B2 depth/stencil support: D0S0 D16S0 
03:37:59: FBO PF_SHORT_RGB depth/stencil support: D0S0 D24S0 D32S0 Packed-D24S8 
03:37:59: [GL] : Valid FBO targets PF_UNKNOWN PF_R5G6B5 PF_B5G6R5 PF_R8G8B8 PF_B8G8R8 PF_A8R8G8B8 PF_B8G8R8A8 PF_A2R10G10B10 PF_A2B10G10R10 PF_FLOAT16_RGB PF_FLOAT16_RGBA PF_FLOAT32_RGB PF_FLOAT32_RGBA PF_X8R8G8B8 PF_X8B8G8R8 PF_SHORT_RGBA PF_R3G3B2 PF_SHORT_RGB 
03:37:59: RenderSystem capabilities
03:37:59: -------------------------
03:37:59: RenderSystem Name: OpenGL Rendering Subsystem
03:37:59: GPU Vendor: nvidia
03:37:59: Device Name: GeForce 6600 GT/PCI/SSE2/3DNOW!
03:37:59: Driver Version: 2.1.1.0
03:37:59:  * Fixed function pipeline: yes
03:37:59:  * Hardware generation of mipmaps: yes
03:37:59:  * Texture blending: yes
03:37:59:  * Anisotropic texture filtering: yes
03:37:59:  * Dot product texture operation: yes
03:37:59:  * Cube mapping: yes
03:37:59:  * Hardware stencil buffer: yes
03:37:59:    - Stencil depth: 8
03:37:59:    - Two sided stencil support: yes
03:37:59:    - Wrap stencil values: yes
03:37:59:  * Hardware vertex / index buffers: yes
03:37:59:  * Vertex programs: yes
03:37:59:  * Fragment programs: yes
03:37:59:  * Geometry programs: no
03:37:59:  * Supported Shader Profiles: arbfp1 arbvp1 fp20 fp30 fp40 glsl vp30 vp40
03:37:59:  * Texture Compression: yes
03:37:59:    - DXT: yes
03:37:59:    - VTC: yes
03:37:59:  * Scissor Rectangle: yes
03:37:59:  * Hardware Occlusion Query: yes
03:37:59:  * User clip planes: yes
03:37:59:  * VET_UBYTE4 vertex element type: yes
03:37:59:  * Infinite far plane projection: yes
03:37:59:  * Hardware render-to-texture: yes
03:37:59:  * Floating point textures: yes
03:37:59:  * Non-power-of-two textures: yes
03:37:59:  * Volume textures: yes
03:37:59:  * Multiple Render Targets: 4
03:37:59:    - With different bit depths: yes
03:37:59:  * Point Sprites: yes
03:37:59:  * Extended point parameters: yes
03:37:59:  * Max Point Size: 63.375
03:37:59:  * Vertex texture fetch: yes
03:37:59:    - Max vertex textures: 4
03:37:59:    - Vertex textures shared: yes
03:37:59:  * Render to Vertex Buffer : no
03:37:59:  * GL 1.5 without VBO workaround: no
03:37:59:  * Frame Buffer objects: yes
03:37:59:  * Frame Buffer objects (ARB extension): no
03:37:59:  * Frame Buffer objects (ATI extension): no
03:37:59:  * PBuffer suppport: no
03:37:59:  * GL 1.5 without HW-occlusion workaround: no
03:37:59: Registering ResourceManager for type Texture
03:37:59: ResourceBackgroundQueue - threading disabled
03:37:59: Particle Renderer Type 'billboard' registered
03:37:59: Parsing scripts for resource group Autodetect
03:37:59: Finished parsing scripts for resource group Autodetect
03:37:59: Parsing scripts for resource group Bootstrap
03:37:59: Parsing script OgreCore.material
03:37:59: Parsing script OgreProfiler.material
03:37:59: Parsing script Ogre.fontdef
03:37:59: Parsing script OgreDebugPanel.overlay
03:37:59: Texture: New_Ogre_Border_Center.png: Loading 1 faces(PF_A8R8G8B8,256x128x1) with 5 generated mipmaps from Image. Internal format is PF_A8R8G8B8,256x128x1.
03:37:59: Texture: New_Ogre_Border.png: Loading 1 faces(PF_A8R8G8B8,256x256x1) with 5 generated mipmaps from Image. Internal format is PF_A8R8G8B8,256x256x1.
03:37:59: Texture: New_Ogre_Border_Break.png: Loading 1 faces(PF_A8R8G8B8,32x32x1) with 5 generated mipmaps from Image. Internal format is PF_A8R8G8B8,32x32x1.
03:37:59: Font BlueHighwayusing texture size 512x512
03:37:59: Info: Freetype returned null for character 127 in font BlueHighway
03:37:59: Info: Freetype returned null for character 128 in font BlueHighway
03:37:59: Info: Freetype returned null for character 129 in font BlueHighway
03:37:59: Info: Freetype returned null for character 130 in font BlueHighway
03:37:59: Info: Freetype returned null for character 131 in font BlueHighway
03:37:59: Info: Freetype returned null for character 132 in font BlueHighway
03:37:59: Info: Freetype returned null for character 133 in font BlueHighway
03:37:59: Info: Freetype returned null for character 134 in font BlueHighway
03:37:59: Info: Freetype returned null for character 135 in font BlueHighway
03:37:59: Info: Freetype returned null for character 136 in font BlueHighway
03:37:59: Info: Freetype returned null for character 137 in font BlueHighway
03:37:59: Info: Freetype returned null for character 138 in font BlueHighway
03:37:59: Info: Freetype returned null for character 139 in font BlueHighway
03:37:59: Info: Freetype returned null for character 140 in font BlueHighway
03:37:59: Info: Freetype returned null for character 141 in font BlueHighway
03:37:59: Info: Freetype returned null for character 142 in font BlueHighway
03:37:59: Info: Freetype returned null for character 143 in font BlueHighway
03:37:59: Info: Freetype returned null for character 144 in font BlueHighway
03:37:59: Info: Freetype returned null for character 145 in font BlueHighway
03:37:59: Info: Freetype returned null for character 146 in font BlueHighway
03:37:59: Info: Freetype returned null for character 147 in font BlueHighway
03:37:59: Info: Freetype returned null for character 148 in font BlueHighway
03:37:59: Info: Freetype returned null for character 149 in font BlueHighway
03:37:59: Info: Freetype returned null for character 150 in font BlueHighway
03:37:59: Info: Freetype returned null for character 151 in font BlueHighway
03:37:59: Info: Freetype returned null for character 152 in font BlueHighway
03:37:59: Info: Freetype returned null for character 153 in font BlueHighway
03:37:59: Info: Freetype returned null for character 154 in font BlueHighway
03:37:59: Info: Freetype returned null for character 155 in font BlueHighway
03:37:59: Info: Freetype returned null for character 156 in font BlueHighway
03:37:59: Info: Freetype returned null for character 157 in font BlueHighway
03:37:59: Info: Freetype returned null for character 158 in font BlueHighway
03:37:59: Info: Freetype returned null for character 159 in font BlueHighway
03:37:59: Info: Freetype returned null for character 160 in font BlueHighway
03:37:59: Texture: BlueHighwayTexture: Loading 1 faces(PF_BYTE_LA,512x512x1) with 0 generated mipmaps from Image. Internal format is PF_BYTE_LA,512x512x1.
03:37:59: Texture: ogretext.png: Loading 1 faces(PF_A8R8G8B8,256x128x1) with 5 generated mipmaps from Image. Internal format is PF_A8R8G8B8,256x128x1.
03:37:59: Parsing script OgreLoadingPanel.overlay
03:37:59: Finished parsing scripts for resource group Bootstrap
03:37:59: Parsing scripts for resource group General
03:37:59: Finished parsing scripts for resource group General
03:37:59: Parsing scripts for resource group Internal
03:37:59: Finished parsing scripts for resource group Internal
03:37:59: OGRE EXCEPTION(10:MyGUIException): root widget name '_Main' in layout 'EditorToolTip.layout' not found.
 in MyGUI at d:\Devel\#GameDevTools\#GUI\MyGUI2.2.2_source\MyGUI2.2.2_source\Common\BaseLayout/BaseLayout.h (line 98)
