04:47:05: Creating resource group General
04:47:05: Creating resource group Internal
04:47:05: Creating resource group Autodetect
04:47:05: Registering ResourceManager for type Mesh
04:47:05: Registering ResourceManager for type Material
04:47:05: Registering ResourceManager for type Skeleton
04:47:05: Loading mesh ninja.mesh...
04:47:05: Skeleton: Loading ninja.skeleton
04:47:05: OGRE EXCEPTION(6:FileNotFoundException): Cannot locate resource ninja.skeleton in resource group General or any other group. in ResourceGroupManager::openResource at e:\projects\ogrecvs\branches\eihort_vc8_clean\ogrenew\ogremain\src\ogreresourcegroupmanager.cpp (line 604)
04:47:05: Unable to load skeleton ninja.skeleton for Mesh ninja.mesh. This Mesh will not be animated. You can ignore this message if you are using an offline tool.
04:47:05: Processing mesh...
04:47:05: Calculating transformation...
04:47:05: Apply scaling 0.01 0.01 0.01
04:47:05: final transform 0.01 0 0 0 0 0.01 0 0 0 0 0.01 0 0 0 0 1
04:47:05: MeshSerializer writing mesh data to ninja.mesh...
04:47:05: File header written.
04:47:05: Writing mesh data...
04:47:05: Writing submesh...
04:47:05: Exporting submesh texture aliases...
04:47:05: Submesh texture aliases exported.
04:47:05: Exporting dedicated geometry bone assignments...
04:47:05: Dedicated geometry bone assignments exported.
04:47:05: Submesh exported.
04:47:05: Writing submesh...
04:47:05: Exporting submesh texture aliases...
04:47:05: Submesh texture aliases exported.
04:47:05: Exporting dedicated geometry bone assignments...
04:47:05: Dedicated geometry bone assignments exported.
04:47:05: Submesh exported.
04:47:05: Exporting skeleton link...
04:47:05: Skeleton link exported.
04:47:05: Exporting bounds information....
04:47:05: Bounds information exported.
04:47:05: Exporting submesh name table...
04:47:05: Submesh name table exported.
04:47:05: Exporting edge lists...
04:47:05: Edge lists exported
04:47:05: Mesh data exported.
04:47:05: MeshSerializer export successful.
04:47:05: Mesh saved as ninja.mesh.
04:47:05: Loading skeleton ninja.skeleton...
04:47:06: Processing skeleton...
04:47:06: Processing bone Joint1...
04:47:06: Processing bone Joint2...
04:47:06: Processing bone Joint3...
04:47:06: Processing bone Joint4...
04:47:06: Processing bone Joint5...
04:47:06: Processing bone Joint6...
04:47:06: Processing bone Joint7...
04:47:06: Processing bone Joint8...
04:47:06: Processing bone Joint9...
04:47:06: Processing bone Joint10...
04:47:06: Processing bone Joint11...
04:47:06: Processing bone Joint12...
04:47:06: Processing bone Joint13...
04:47:06: Processing bone Joint29...
04:47:06: Processing bone Joint14...
04:47:06: Processing bone Joint15...
04:47:06: Processing bone Joint16...
04:47:06: Processing bone Joint17...
04:47:06: Processing bone Joint18...
04:47:06: Processing bone Joint19...
04:47:06: Processing bone Joint20...
04:47:06: Processing bone Joint21...
04:47:06: Processing bone Joint22...
04:47:06: Processing bone Joint23...
04:47:06: Processing bone Joint24...
04:47:06: Processing bone Joint25...
04:47:06: Processing bone Joint26...
04:47:06: Processing bone Joint27...
04:47:06: Processing animation Attack1...
04:47:06: Processing animation Attack2...
04:47:06: Processing animation Attack3...
04:47:06: Processing animation Backflip...
04:47:06: Processing animation Block...
04:47:06: Processing animation Climb...
04:47:06: Processing animation Crouch...
04:47:06: Processing animation Death1...
04:47:06: Processing animation Death2...
04:47:06: Processing animation HighJump...
04:47:06: Processing animation Idle1...
04:47:06: Processing animation Idle2...
04:47:06: Processing animation Idle3...
04:47:06: Processing animation Jump...
04:47:06: Processing animation JumpNoHeight...
04:47:06: Processing animation Kick...
04:47:06: Processing animation SideKick...
04:47:06: Processing animation Spin...
04:47:06: Processing animation Stealth...
04:47:06: Processing animation Walk...
04:47:06: Exporting bones..
04:47:06: Bones exported.
04:47:06: Exporting animations, count=20
04:47:06: Exporting animation: Attack1
04:47:06: Animation exported.
04:47:06: Exporting animation: Attack2
04:47:06: Animation exported.
04:47:06: Exporting animation: Attack3
04:47:06: Animation exported.
04:47:06: Exporting animation: Backflip
04:47:06: Animation exported.
04:47:06: Exporting animation: Block
04:47:06: Animation exported.
04:47:06: Exporting animation: Climb
04:47:06: Animation exported.
04:47:06: Exporting animation: Crouch
04:47:06: Animation exported.
04:47:06: Exporting animation: Death1
04:47:06: Animation exported.
04:47:06: Exporting animation: Death2
04:47:06: Animation exported.
04:47:06: Exporting animation: HighJump
04:47:06: Animation exported.
04:47:06: Exporting animation: Idle1
04:47:06: Animation exported.
04:47:06: Exporting animation: Idle2
04:47:06: Animation exported.
04:47:06: Exporting animation: Idle3
04:47:06: Animation exported.
04:47:06: Exporting animation: Jump
04:47:06: Animation exported.
04:47:06: Exporting animation: JumpNoHeight
04:47:06: Animation exported.
04:47:06: Exporting animation: Kick
04:47:06: Animation exported.
04:47:06: Exporting animation: SideKick
04:47:06: Animation exported.
04:47:06: Exporting animation: Spin
04:47:06: Animation exported.
04:47:06: Exporting animation: Stealth
04:47:06: Animation exported.
04:47:06: Exporting animation: Walk
04:47:06: Animation exported.
04:47:06: Skeleton saved as ninja.skeleton.
