10:06:12: Creating resource group General
10:06:12: Creating resource group Internal
10:06:12: Creating resource group Autodetect
10:06:12: Registering ResourceManager for type Material
10:06:12: Registering ResourceManager for type Skeleton
10:06:12: Registering ResourceManager for type Mesh
10:06:12: Skeleton: Loading ninja.skeleton
10:06:12: OGRE EXCEPTION(6:FileNotFoundException): Cannot locate resource ninja.skeleton in resource group General or any other group. in ResourceGroupManager::openResource at ..\src\OgreResourceGroupManager.cpp (line 604)
10:06:12: Unable to load skeleton ninja.skeleton for Mesh conversion. This Mesh will not be animated. You can ignore this message if you are using an offline tool.
10:06:12: MeshSerializer writing mesh data to 2/ninja.mesh...
10:06:12: File header written.
10:06:12: Writing mesh data...
10:06:12: Writing submesh...
10:06:12: Exporting submesh texture aliases...
10:06:12: Submesh texture aliases exported.
10:06:12: Exporting dedicated geometry bone assignments...
10:06:12: Dedicated geometry bone assignments exported.
10:06:12: Submesh exported.
10:06:12: Writing submesh...
10:06:12: Exporting submesh texture aliases...
10:06:12: Submesh texture aliases exported.
10:06:12: Exporting dedicated geometry bone assignments...
10:06:12: Dedicated geometry bone assignments exported.
10:06:12: Submesh exported.
10:06:12: Exporting skeleton link...
10:06:12: Skeleton link exported.
10:06:12: Exporting bounds information....
10:06:12: Bounds information exported.
10:06:12: Exporting submesh name table...
10:06:12: Submesh name table exported.
10:06:12: Exporting edge lists...
10:06:12: Edge lists exported
10:06:12: Mesh data exported.
10:06:12: MeshSerializer export successful.
10:06:12: Unregistering ResourceManager for type Mesh
10:06:12: Unregistering ResourceManager for type Skeleton
10:06:12: Unregistering ResourceManager for type Material
