11:04:19: Creating resource group General
11:04:19: Creating resource group Internal
11:04:19: Creating resource group Autodetect
11:04:19: Registering ResourceManager for type Mesh
11:04:19: Registering ResourceManager for type Material
11:04:19: Registering ResourceManager for type Skeleton
11:04:23: Loading mesh ninja.mesh...
11:04:23: Skeleton: Loading ninja.skeleton
11:04:23: OGRE EXCEPTION(6:FileNotFoundException): Cannot locate resource ninja.skeleton in resource group General or any other group. in ResourceGroupManager::openResource at e:\projects\ogrecvs\branches\eihort_vc8_clean\ogrenew\ogremain\src\ogreresourcegroupmanager.cpp (line 604)
11:04:23: Unable to load skeleton ninja.skeleton for Mesh ninja.mesh. This Mesh will not be animated. You can ignore this message if you are using an offline tool.
11:04:30: Processing mesh...
11:04:30: Calculating transformation...
11:04:30: Apply scaling 0.1 0.1 0.1
11:04:30: final transform 0.1 0 0 0 0 0.1 0 0 0 0 0.1 0 0 0 0 1
11:04:30: MeshSerializer writing mesh data to ninja.mesh...
11:04:30: File header written.
11:04:30: Writing mesh data...
11:04:30: Writing submesh...
11:04:30: Exporting submesh texture aliases...
11:04:30: Submesh texture aliases exported.
11:04:30: Exporting dedicated geometry bone assignments...
11:04:30: Dedicated geometry bone assignments exported.
11:04:30: Submesh exported.
11:04:30: Writing submesh...
11:04:30: Exporting submesh texture aliases...
11:04:30: Submesh texture aliases exported.
11:04:30: Exporting dedicated geometry bone assignments...
11:04:30: Dedicated geometry bone assignments exported.
11:04:30: Submesh exported.
11:04:30: Exporting skeleton link...
11:04:30: Skeleton link exported.
11:04:30: Exporting bounds information....
11:04:30: Bounds information exported.
11:04:30: Exporting submesh name table...
11:04:30: Submesh name table exported.
11:04:30: Exporting edge lists...
11:04:30: Edge lists exported
11:04:30: Mesh data exported.
11:04:30: MeshSerializer export successful.
11:04:30: Mesh saved as ninja.mesh.
11:04:53: Loading skeleton ninja.skeleton...
11:05:04: Processing skeleton...
11:05:30: Processing bone Joint1...
11:05:30: Processing bone Joint2...
11:05:30: Processing bone Joint3...
11:05:30: Processing bone Joint4...
11:05:30: Processing bone Joint5...
11:05:30: Processing bone Joint6...
11:05:30: Processing bone Joint7...
11:05:30: Processing bone Joint8...
11:05:30: Processing bone Joint9...
11:05:30: Processing bone Joint10...
11:05:30: Processing bone Joint11...
11:05:30: Processing bone Joint12...
11:05:30: Processing bone Joint13...
11:05:30: Processing bone Joint29...
11:05:30: Processing bone Joint14...
11:05:30: Processing bone Joint15...
11:05:30: Processing bone Joint16...
11:05:30: Processing bone Joint17...
11:05:30: Processing bone Joint18...
11:05:30: Processing bone Joint19...
11:05:30: Processing bone Joint20...
11:05:30: Processing bone Joint21...
11:05:30: Processing bone Joint22...
11:05:30: Processing bone Joint23...
11:05:30: Processing bone Joint24...
11:05:30: Processing bone Joint25...
11:05:30: Processing bone Joint26...
11:05:30: Processing bone Joint27...
11:05:30: Processing animation Attack1...
11:05:30: Processing animation Attack2...
11:05:30: Processing animation Attack3...
11:05:30: Processing animation Backflip...
11:05:30: Processing animation Block...
11:05:30: Processing animation Climb...
11:05:30: Processing animation Crouch...
11:05:30: Processing animation Death1...
11:05:30: Processing animation Death2...
11:05:30: Processing animation HighJump...
11:05:30: Processing animation Idle1...
11:05:30: Processing animation Idle2...
11:05:30: Processing animation Idle3...
11:05:30: Processing animation Jump...
11:05:30: Processing animation JumpNoHeight...
11:05:30: Processing animation Kick...
11:05:30: Processing animation SideKick...
11:05:30: Processing animation Spin...
11:05:30: Processing animation Stealth...
11:05:30: Processing animation Walk...
11:05:30: Exporting bones..
11:05:30: Bones exported.
11:05:30: Exporting animations, count=20
11:05:30: Exporting animation: Attack1
11:05:30: Animation exported.
11:05:30: Exporting animation: Attack2
11:05:30: Animation exported.
11:05:30: Exporting animation: Attack3
11:05:30: Animation exported.
11:05:30: Exporting animation: Backflip
11:05:30: Animation exported.
11:05:30: Exporting animation: Block
11:05:30: Animation exported.
11:05:30: Exporting animation: Climb
11:05:30: Animation exported.
11:05:30: Exporting animation: Crouch
11:05:30: Animation exported.
11:05:30: Exporting animation: Death1
11:05:30: Animation exported.
11:05:30: Exporting animation: Death2
11:05:30: Animation exported.
11:05:30: Exporting animation: HighJump
11:05:30: Animation exported.
11:05:30: Exporting animation: Idle1
11:05:30: Animation exported.
11:05:30: Exporting animation: Idle2
11:05:30: Animation exported.
11:05:30: Exporting animation: Idle3
11:05:30: Animation exported.
11:05:30: Exporting animation: Jump
11:05:30: Animation exported.
11:05:30: Exporting animation: JumpNoHeight
11:05:30: Animation exported.
11:05:30: Exporting animation: Kick
11:05:30: Animation exported.
11:05:30: Exporting animation: SideKick
11:05:30: Animation exported.
11:05:30: Exporting animation: Spin
11:05:30: Animation exported.
11:05:30: Exporting animation: Stealth
11:05:30: Animation exported.
11:05:30: Exporting animation: Walk
11:05:30: Animation exported.
11:05:30: Skeleton saved as ninja.skeleton.
