Leaks detected:

h:\devel\#projects\ogre\shoggoth\ogremain\include\ogresharedptr.h(79, Ogre::SharedPtr<class Ogre::HardwarePixelBuffer>::SharedPtr): 4 bytes
(unknown source): 152 bytes
h:\devel\#projects\ogre\shoggoth\ogremain\include\ogresharedptr.h(79, Ogre::SharedPtr<class Ogre::HardwareVertexBuffer>::SharedPtr): 4 bytes
h:\devel\#projects\ogre\shoggoth_last_svn\ogremain\include\ogresharedptr.h(79, Ogre::SharedPtr<struct OgreMax::Types::ObjectExtraData>::SharedPtr): 4 bytes
h:\devel\#projects\ogre\shoggoth\ogremain\include\ogresharedptr.h(79, Ogre::SharedPtr<class Ogre::HardwareVertexBuffer>::SharedPtr): 4 bytes
(unknown source): 56 bytes
h:\devel\#projects\ogre\shoggoth\ogremain\include\ogresharedptr.h(79, Ogre::SharedPtr<class Ogre::HardwareVertexBuffer>::SharedPtr): 4 bytes
h:\devel\#projects\ogre\shoggoth_last_svn\ogremain\include\ogresharedptr.h(79, Ogre::SharedPtr<struct OgreMax::Types::ObjectExtraData>::SharedPtr): 4 bytes
(unknown source): 152 bytes
(unknown source): 52 bytes
h:\devel\#projects\ogre\shoggoth\ogremain\include\ogresharedptr.h(79, Ogre::SharedPtr<class Ogre::HardwareVertexBuffer>::SharedPtr): 4 bytes
h:\devel\#projects\ogre\shoggoth_last_svn\ogremain\include\ogresharedptr.h(79, Ogre::SharedPtr<struct OgreMax::Types::ObjectExtraData>::SharedPtr): 4 bytes
h:\devel\#projects\ogre\shoggoth\ogremain\include\ogresharedptr.h(79, Ogre::SharedPtr<class Ogre::GpuProgramParameters>::SharedPtr): 4 bytes
h:\devel\#projects\ogre\shoggoth\ogremain\include\ogresharedptr.h(79, Ogre::SharedPtr<class Ogre::HardwarePixelBuffer>::SharedPtr): 4 bytes
(unknown source): 480 bytes
h:\devel\#projects\ogre\shoggoth\ogremain\include\ogresharedptr.h(79, Ogre::SharedPtr<class Ogre::HardwareVertexBuffer>::SharedPtr): 4 bytes
h:\devel\#projects\ogre\shoggoth_last_svn\ogremain\include\ogresharedptr.h(79, Ogre::SharedPtr<struct OgreMax::Types::ObjectExtraData>::SharedPtr): 4 bytes
h:\devel\#projects\ogre\shoggoth_last_svn\ogremain\include\ogresharedptr.h(79, Ogre::SharedPtr<struct OgreMax::Types::ObjectExtraData>::SharedPtr): 4 bytes
h:\devel\#projects\ogre\shoggoth\ogremain\include\ogresharedptr.h(79, Ogre::SharedPtr<class Ogre::HardwareVertexBuffer>::SharedPtr): 4 bytes
h:\devel\#projects\ogre\shoggoth\ogremain\src\ogretechnique.cpp(472, Ogre::Technique::operator =): 356 bytes
h:\devel\#projects\ogre\shoggoth\ogremain\src\ogregpuprogrammanager.cpp(171, Ogre::GpuProgramManager::createParameters): 80 bytes
h:\devel\#projects\ogre\shoggoth_last_svn\ogremain\include\ogresharedptr.h(79, Ogre::SharedPtr<struct OgreMax::Types::ObjectExtraData>::SharedPtr): 4 bytes
h:\devel\#projects\ogre\shoggoth\plugins\cgprogrammanager\src\ogrecgprogram.cpp(91, Ogre::CgProgram::buildArgs): 4 bytes
h:\devel\#projects\ogre\shoggoth\ogremain\src\ogretechnique.cpp(342, Ogre::Technique::createPass): 356 bytes
(unknown source): 856 bytes
(unknown source): 152 bytes
(unknown source): 152 bytes
h:\devel\#projects\ogre\shoggoth_last_svn\ogremain\include\ogresharedptr.h(79, Ogre::SharedPtr<struct OgreMax::Types::ObjectExtraData>::SharedPtr): 4 bytes
(unknown source): 52 bytes
h:\devel\#projects\ogre\shoggoth\ogremain\include\ogresharedptr.h(79, Ogre::SharedPtr<class Ogre::HardwareVertexBuffer>::SharedPtr): 4 bytes
h:\devel\#projects\ogre\shoggoth_last_svn\ogremain\include\ogresharedptr.h(79, Ogre::SharedPtr<struct OgreMax::Types::ObjectExtraData>::SharedPtr): 4 bytes
h:\devel\#projects\ogre\shoggoth\ogremain\include\ogresharedptr.h(79, Ogre::SharedPtr<class Ogre::HardwareVertexBuffer>::SharedPtr): 4 bytes
(unknown source): 52 bytes
h:\devel\#projects\ogre\shoggoth_last_svn\ogremain\include\ogresharedptr.h(79, Ogre::SharedPtr<struct OgreMax::Types::ObjectExtraData>::SharedPtr): 4 bytes
h:\devel\#projects\ogre\shoggoth\ogremain\include\ogresharedptr.h(79, Ogre::SharedPtr<class Ogre::HardwareVertexBuffer>::SharedPtr): 4 bytes
h:\devel\#projects\ogre\shoggoth_last_svn\ogremain\include\ogresharedptr.h(79, Ogre::SharedPtr<struct OgreMax::Types::ObjectExtraData>::SharedPtr): 4 bytes
h:\devel\#projects\ogre\shoggoth\ogremain\include\ogresharedptr.h(79, Ogre::SharedPtr<class Ogre::HardwareVertexBuffer>::SharedPtr): 4 bytes
h:\devel\#projects\ogre\shoggoth\ogremain\include\ogresharedptr.h(79, Ogre::SharedPtr<class Ogre::HardwareVertexBuffer>::SharedPtr): 4 bytes
(unknown source): 56 bytes
(unknown source): 52 bytes
(unknown source): 152 bytes
h:\devel\#projects\ogre\shoggoth\ogremain\include\ogresharedptr.h(79, Ogre::SharedPtr<class Ogre::HardwareVertexBuffer>::SharedPtr): 4 bytes
(unknown source): 468 bytes
h:\devel\#projects\ogre\shoggoth\ogremain\include\ogresharedptr.h(79, Ogre::SharedPtr<class Ogre::HardwareVertexBuffer>::SharedPtr): 4 bytes
h:\devel\#projects\ogre\shoggoth\ogremain\include\ogresharedptr.h(79, Ogre::SharedPtr<class Ogre::HardwarePixelBuffer>::SharedPtr): 4 bytes
h:\devel\#projects\ogre\shoggoth\ogremain\include\ogresharedptr.h(79, Ogre::SharedPtr<class Ogre::HardwareVertexBuffer>::SharedPtr): 4 bytes
(unknown source): 468 bytes
h:\devel\#projects\ogre\shoggoth\ogremain\include\ogresharedptr.h(79, Ogre::SharedPtr<class Ogre::HardwarePixelBuffer>::SharedPtr): 4 bytes
(unknown source): 52 bytes
(unknown source): 480 bytes
h:\devel\#projects\ogre\shoggoth\ogremain\include\ogresharedptr.h(79, Ogre::SharedPtr<class Ogre::HardwareVertexBuffer>::SharedPtr): 4 bytes
(unknown source): 480 bytes
h:\devel\#projects\ogre\shoggoth\ogremain\include\ogresharedptr.h(79, Ogre::SharedPtr<class Ogre::HardwareVertexBuffer>::SharedPtr): 4 bytes
h:\devel\#projects\ogre\shoggoth\ogremain\include\ogresharedptr.h(79, Ogre::SharedPtr<class Ogre::HardwareVertexBuffer>::SharedPtr): 4 bytes
h:\devel\#projects\ogre\shoggoth\ogremain\include\ogresharedptr.h(79, Ogre::SharedPtr<class Ogre::Resource>::SharedPtr): 4 bytes
(unknown source): 52 bytes
(unknown source): 152 bytes
(unknown source): 152 bytes
(unknown source): 52 bytes
h:\devel\#projects\ogre\shoggoth_last_svn\ogremain\include\ogresharedptr.h(79, Ogre::SharedPtr<struct OgreMax::Types::ObjectExtraData>::SharedPtr): 4 bytes
h:\devel\#projects\ogre\shoggoth\ogremain\include\ogresharedptr.h(79, Ogre::SharedPtr<class Ogre::HardwareVertexBuffer>::SharedPtr): 4 bytes
(unknown source): 152 bytes
h:\devel\#projects\ogre\shoggoth\ogremain\src\ogregpuprogrammanager.cpp(171, Ogre::GpuProgramManager::createParameters): 80 bytes
h:\devel\#projects\ogre\shoggoth\ogremain\src\ogrepass.cpp(515, Ogre::Pass::createTextureUnitState): 444 bytes
(unknown source): 52 bytes
(unknown source): 52 bytes
h:\devel\#projects\ogre\shoggoth\ogremain\include\ogresharedptr.h(79, Ogre::SharedPtr<class Ogre::HardwarePixelBuffer>::SharedPtr): 4 bytes
h:\devel\#projects\ogre\shoggoth\ogremain\include\ogresharedptr.h(79, Ogre::SharedPtr<class Ogre::Resource>::SharedPtr): 4 bytes
h:\devel\#projects\ogre\shoggoth\ogremain\include\ogresharedptr.h(79, Ogre::SharedPtr<class Ogre::HardwareVertexBuffer>::SharedPtr): 4 bytes
h:\devel\#projects\ogre\shoggoth_last_svn\ogremain\include\ogresharedptr.h(79, Ogre::SharedPtr<struct OgreMax::Types::ObjectExtraData>::SharedPtr): 4 bytes
h:\devel\#projects\ogre\shoggoth\ogremain\include\ogresharedptr.h(79, Ogre::SharedPtr<class Ogre::HardwareVertexBuffer>::SharedPtr): 4 bytes
h:\devel\#projects\ogre\shoggoth_last_svn\ogremain\include\ogresharedptr.h(79, Ogre::SharedPtr<struct OgreMax::Types::ObjectExtraData>::SharedPtr): 4 bytes
(unknown source): 856 bytes
h:\devel\#projects\ogre\shoggoth_last_svn\ogremain\include\ogresharedptr.h(79, Ogre::SharedPtr<struct OgreMax::Types::ObjectExtraData>::SharedPtr): 4 bytes
h:\devel\#projects\ogre\shoggoth\ogremain\src\ogrepass.cpp(1236, Ogre::Pass::setVertexProgram): 36 bytes
h:\devel\#projects\ogre\shoggoth_last_svn\ogremain\include\ogresharedptr.h(79, Ogre::SharedPtr<struct OgreMax::Types::ObjectExtraData>::SharedPtr): 4 bytes
h:\devel\#projects\ogre\shoggoth\ogremain\include\ogresharedptr.h(79, Ogre::SharedPtr<class Ogre::HardwareVertexBuffer>::SharedPtr): 4 bytes
h:\devel\#projects\ogre\shoggoth\ogremain\include\ogresharedptr.h(79, Ogre::SharedPtr<class Ogre::HardwarePixelBuffer>::SharedPtr): 4 bytes
(unknown source): 24 bytes
h:\devel\#projects\ogre\shoggoth\ogremain\src\ogrepass.cpp(515, Ogre::Pass::createTextureUnitState): 444 bytes
(unknown source): 152 bytes
(unknown source): 52 bytes
h:\devel\#projects\ogre\shoggoth\ogremain\include\ogresharedptr.h(79, Ogre::SharedPtr<class Ogre::Resource>::SharedPtr): 4 bytes
(unknown source): 52 bytes
(unknown source): 56 bytes
(unknown source): 52 bytes
h:\devel\#projects\ogre\shoggoth\ogremain\src\ogretechnique.cpp(342, Ogre::Technique::createPass): 356 bytes
h:\devel\#projects\ogre\shoggoth_last_svn\ogremain\include\ogresharedptr.h(79, Ogre::SharedPtr<struct OgreMax::Types::ObjectExtraData>::SharedPtr): 4 bytes
(unknown source): 1032 bytes
h:\devel\#projects\ogre\shoggoth\plugins\cgprogrammanager\src\ogrecgprogram.cpp(91, Ogre::CgProgram::buildArgs): 12 bytes
(unknown source): 480 bytes
(unknown source): 56 bytes
(unknown source): 52 bytes
(unknown source): 856 bytes
h:\devel\#projects\ogre\shoggoth\ogremain\src\ogrematerial.cpp(332, Ogre::Material::insertSupportedTechnique): 28 bytes
h:\devel\#projects\ogre\shoggoth_last_svn\ogremain\include\ogresharedptr.h(79, Ogre::SharedPtr<struct OgreMax::Types::ObjectExtraData>::SharedPtr): 4 bytes
h:\devel\#projects\ogre\shoggoth\ogremain\include\ogresharedptr.h(79, Ogre::SharedPtr<class Ogre::HardwareVertexBuffer>::SharedPtr): 4 bytes
(unknown source): 152 bytes
(unknown source): 52 bytes
h:\devel\#projects\ogre\shoggoth_last_svn\ogremain\include\ogresharedptr.h(79, Ogre::SharedPtr<struct OgreMax::Types::ObjectExtraData>::SharedPtr): 4 bytes
h:\devel\#projects\ogre\shoggoth\ogremain\src\ogrepass.cpp(1236, Ogre::Pass::setVertexProgram): 36 bytes
h:\devel\#projects\ogre\shoggoth\ogremain\include\ogresharedptr.h(79, Ogre::SharedPtr<class Ogre::HardwareVertexBuffer>::SharedPtr): 4 bytes
(unknown source): 56 bytes
h:\devel\#projects\ogre\shoggoth\plugins\cgprogrammanager\src\ogrecgprogram.cpp(91, Ogre::CgProgram::buildArgs): 12 bytes
(unknown source): 52 bytes
h:\devel\#projects\ogre\shoggoth\ogremain\include\ogresharedptr.h(79, Ogre::SharedPtr<class Ogre::HardwareVertexBuffer>::SharedPtr): 4 bytes
h:\devel\#projects\ogre\shoggoth_last_svn\ogremain\include\ogresharedptr.h(79, Ogre::SharedPtr<struct OgreMax::Types::ObjectExtraData>::SharedPtr): 4 bytes
h:\devel\#projects\ogre\shoggoth\ogremain\include\ogresharedptr.h(79, Ogre::SharedPtr<class Ogre::HardwareVertexBuffer>::SharedPtr): 4 bytes
h:\devel\#projects\ogre\shoggoth\ogremain\include\ogresharedptr.h(79, Ogre::SharedPtr<class Ogre::HardwareVertexBuffer>::SharedPtr): 4 bytes
h:\devel\#projects\ogre\shoggoth_last_svn\ogremain\include\ogresharedptr.h(79, Ogre::SharedPtr<struct OgreMax::Types::ObjectExtraData>::SharedPtr): 4 bytes
(unknown source): 52 bytes
(unknown source): 152 bytes
h:\devel\#projects\ogre\shoggoth\ogremain\include\ogresharedptr.h(79, Ogre::SharedPtr<class Ogre::Resource>::SharedPtr): 4 bytes
h:\devel\#projects\ogre\shoggoth\ogremain\src\ogrepass.cpp(1267, Ogre::Pass::setFragmentProgram): 36 bytes
h:\devel\#projects\ogre\shoggoth\ogremain\include\ogresharedptr.h(79, Ogre::SharedPtr<class Ogre::HardwareVertexBuffer>::SharedPtr): 4 bytes
h:\devel\#projects\ogre\shoggoth\plugins\cgprogrammanager\src\ogrecgprogramfactory.cpp(63, Ogre::CgProgramFactory::create): 612 bytes
(unknown source): 480 bytes
(unknown source): 52 bytes
h:\devel\#projects\ogre\shoggoth\ogremain\include\ogresharedptr.h(79, Ogre::SharedPtr<class Ogre::HardwarePixelBuffer>::SharedPtr): 4 bytes
h:\devel\#projects\ogre\shoggoth\ogremain\include\ogresharedptr.h(79, Ogre::SharedPtr<class Ogre::HardwareVertexBuffer>::SharedPtr): 4 bytes
(unknown source): 480 bytes
(unknown source): 856 bytes
(unknown source): 52 bytes
h:\devel\#projects\ogre\shoggoth\ogremain\include\ogresharedptr.h(79, Ogre::SharedPtr<class Ogre::HardwareVertexBuffer>::SharedPtr): 4 bytes
(unknown source): 52 bytes
(unknown source): 56 bytes
(unknown source): 152 bytes
(unknown source): 152 bytes
h:\devel\#projects\ogre\shoggoth\ogremain\src\ogrepass.cpp(515, Ogre::Pass::createTextureUnitState): 444 bytes
h:\devel\#projects\ogre\shoggoth\ogremain\src\ogregpuprogrammanager.cpp(171, Ogre::GpuProgramManager::createParameters): 80 bytes
h:\devel\#projects\ogre\shoggoth_last_svn\ogremain\include\ogresharedptr.h(79, Ogre::SharedPtr<struct OgreMax::Types::ObjectExtraData>::SharedPtr): 4 bytes
h:\devel\#projects\ogre\shoggoth_last_svn\ogremain\include\ogresharedptr.h(79, Ogre::SharedPtr<struct OgreMax::Types::ObjectExtraData>::SharedPtr): 4 bytes
(unknown source): 52 bytes
(unknown source): 52 bytes
(unknown source): 52 bytes
h:\devel\#projects\ogre\shoggoth_last_svn\ogremain\include\ogresharedptr.h(79, Ogre::SharedPtr<struct OgreMax::Types::ObjectExtraData>::SharedPtr): 4 bytes
h:\devel\#projects\ogre\shoggoth\ogremain\include\ogresharedptr.h(79, Ogre::SharedPtr<class Ogre::HardwareVertexBuffer>::SharedPtr): 4 bytes
(unknown source): 52 bytes
h:\devel\#projects\ogre\shoggoth\ogremain\src\ogrepass.cpp(515, Ogre::Pass::createTextureUnitState): 444 bytes
h:\devel\#projects\ogre\shoggoth\plugins\cgprogrammanager\src\ogrecgprogram.cpp(95, Ogre::CgProgram::buildArgs): 5 bytes
(unknown source): 52 bytes
(unknown source): 52 bytes
h:\devel\#projects\ogre\shoggoth_last_svn\ogremain\include\ogresharedptr.h(79, Ogre::SharedPtr<struct OgreMax::Types::ObjectExtraData>::SharedPtr): 4 bytes
(unknown source): 480 bytes
(unknown source): 56 bytes
h:\devel\#projects\ogre\shoggoth\ogremain\src\ogretechnique.cpp(342, Ogre::Technique::createPass): 356 bytes
(unknown source): 152 bytes
h:\devel\#projects\ogre\shoggoth\ogremain\src\ogregpuprogrammanager.cpp(171, Ogre::GpuProgramManager::createParameters): 80 bytes
h:\devel\#projects\ogre\shoggoth\ogremain\include\ogresharedptr.h(79, Ogre::SharedPtr<class Ogre::HardwareVertexBuffer>::SharedPtr): 4 bytes
(unknown source): 52 bytes
(unknown source): 152 bytes
h:\devel\#projects\ogre\shoggoth\ogremain\include\ogresharedptr.h(79, Ogre::SharedPtr<class Ogre::HardwarePixelBuffer>::SharedPtr): 4 bytes
(unknown source): 52 bytes
(unknown source): 52 bytes
h:\devel\#projects\ogre\shoggoth_last_svn\ogremain\include\ogresharedptr.h(79, Ogre::SharedPtr<struct OgreMax::Types::ObjectExtraData>::SharedPtr): 4 bytes
(unknown source): 52 bytes
(unknown source): 152 bytes
(unknown source): 52 bytes
h:\devel\#projects\ogre\shoggoth\ogremain\include\ogresharedptr.h(79, Ogre::SharedPtr<class Ogre::HardwareVertexBuffer>::SharedPtr): 4 bytes
(unknown source): 52 bytes
(unknown source): 152 bytes
h:\devel\#projects\ogre\shoggoth\ogremain\include\ogresharedptr.h(79, Ogre::SharedPtr<class Ogre::GpuProgramParameters>::SharedPtr): 4 bytes
(unknown source): 52 bytes
(unknown source): 52 bytes
(unknown source): 56 bytes
h:\devel\#projects\ogre\shoggoth\ogremain\include\ogresharedptr.h(79, Ogre::SharedPtr<class Ogre::Resource>::SharedPtr): 4 bytes
h:\devel\#projects\ogre\shoggoth\ogremain\include\ogresharedptr.h(79, Ogre::SharedPtr<class Ogre::HardwareVertexBuffer>::SharedPtr): 4 bytes
(unknown source): 52 bytes
(unknown source): 856 bytes
h:\devel\#projects\ogre\shoggoth\ogremain\include\ogresharedptr.h(79, Ogre::SharedPtr<class Ogre::HardwareVertexBuffer>::SharedPtr): 4 bytes
h:\devel\#projects\ogre\shoggoth_last_svn\ogremain\include\ogresharedptr.h(79, Ogre::SharedPtr<struct OgreMax::Types::ObjectExtraData>::SharedPtr): 4 bytes
h:\devel\#projects\ogre\shoggoth\plugins\cgprogrammanager\src\ogrecgprogram.cpp(95, Ogre::CgProgram::buildArgs): 13 bytes
h:\devel\#projects\ogre\shoggoth\ogremain\include\ogresharedptr.h(79, Ogre::SharedPtr<class Ogre::HardwareVertexBuffer>::SharedPtr): 4 bytes
h:\devel\#projects\ogre\shoggoth\ogremain\src\ogrepass.cpp(515, Ogre::Pass::createTextureUnitState): 444 bytes
(unknown source): 468 bytes
(unknown source): 52 bytes
(unknown source): 56 bytes
(unknown source): 152 bytes
h:\devel\#projects\ogre\shoggoth\ogremain\src\ogrepass.cpp(515, Ogre::Pass::createTextureUnitState): 444 bytes
h:\devel\#projects\ogre\shoggoth\ogremain\src\ogrepass.cpp(515, Ogre::Pass::createTextureUnitState): 444 bytes
h:\devel\#projects\ogre\shoggoth\ogremain\include\ogresharedptr.h(79, Ogre::SharedPtr<class Ogre::GpuProgramParameters>::SharedPtr): 4 bytes
h:\devel\#projects\ogre\shoggoth_last_svn\ogremain\include\ogresharedptr.h(79, Ogre::SharedPtr<struct OgreMax::Types::ObjectExtraData>::SharedPtr): 4 bytes
h:\devel\#projects\ogre\shoggoth\ogremain\include\ogresharedptr.h(79, Ogre::SharedPtr<class Ogre::HardwarePixelBuffer>::SharedPtr): 4 bytes
(unknown source): 56 bytes
h:\devel\#projects\ogre\shoggoth\ogremain\include\ogresharedptr.h(79, Ogre::SharedPtr<class Ogre::Resource>::SharedPtr): 4 bytes
h:\devel\#projects\ogre\shoggoth_last_svn\ogremain\include\ogresharedptr.h(79, Ogre::SharedPtr<struct OgreMax::Types::ObjectExtraData>::SharedPtr): 4 bytes
(unknown source): 856 bytes
(unknown source): 856 bytes
h:\devel\#projects\ogre\shoggoth\ogremain\include\ogresharedptr.h(79, Ogre::SharedPtr<class Ogre::HardwareVertexBuffer>::SharedPtr): 4 bytes
(unknown source): 52 bytes
h:\devel\#projects\ogre\shoggoth\ogremain\include\ogresharedptr.h(79, Ogre::SharedPtr<class Ogre::Resource>::SharedPtr): 4 bytes
h:\devel\#projects\ogre\shoggoth_last_svn\ogremain\include\ogresharedptr.h(79, Ogre::SharedPtr<struct OgreMax::Types::ObjectExtraData>::SharedPtr): 4 bytes
h:\devel\#projects\ogre\shoggoth\ogremain\include\ogresharedptr.h(79, Ogre::SharedPtr<class Ogre::Resource>::SharedPtr): 4 bytes
h:\devel\#projects\ogre\shoggoth\ogremain\include\ogresharedptr.h(79, Ogre::SharedPtr<class Ogre::HardwareVertexBuffer>::SharedPtr): 4 bytes
h:\devel\#projects\ogre\shoggoth_last_svn\ogremain\include\ogresharedptr.h(79, Ogre::SharedPtr<struct OgreMax::Types::ObjectExtraData>::SharedPtr): 4 bytes
h:\devel\#projects\ogre\shoggoth\ogremain\include\ogresharedptr.h(79, Ogre::SharedPtr<class Ogre::HardwarePixelBuffer>::SharedPtr): 4 bytes
(unknown source): 468 bytes
h:\devel\#projects\ogre\shoggoth\ogremain\include\ogresharedptr.h(79, Ogre::SharedPtr<class Ogre::HardwarePixelBuffer>::SharedPtr): 4 bytes
h:\devel\#projects\ogre\shoggoth\ogremain\include\ogresharedptr.h(79, Ogre::SharedPtr<class Ogre::Resource>::SharedPtr): 4 bytes
h:\devel\#projects\ogre\shoggoth\ogremain\include\ogresharedptr.h(79, Ogre::SharedPtr<class Ogre::HardwarePixelBuffer>::SharedPtr): 4 bytes
h:\devel\#projects\ogre\shoggoth\ogremain\include\ogresharedptr.h(79, Ogre::SharedPtr<class Ogre::Resource>::SharedPtr): 4 bytes
h:\devel\#projects\ogre\shoggoth\ogremain\include\ogresharedptr.h(79, Ogre::SharedPtr<class Ogre::HardwarePixelBuffer>::SharedPtr): 4 bytes
h:\devel\#projects\ogre\shoggoth\ogremain\include\ogresharedptr.h(79, Ogre::SharedPtr<class Ogre::HardwareVertexBuffer>::SharedPtr): 4 bytes
(unknown source): 52 bytes
h:\devel\#projects\ogre\shoggoth\ogremain\include\ogresharedptr.h(79, Ogre::SharedPtr<class Ogre::HardwarePixelBuffer>::SharedPtr): 4 bytes
h:\devel\#projects\ogre\shoggoth\ogremain\include\ogresharedptr.h(79, Ogre::SharedPtr<class Ogre::HardwareVertexBuffer>::SharedPtr): 4 bytes
h:\devel\#projects\ogre\shoggoth\ogremain\include\ogresharedptr.h(79, Ogre::SharedPtr<class Ogre::Resource>::SharedPtr): 4 bytes
(unknown source): 52 bytes
h:\devel\#projects\ogre\shoggoth_last_svn\ogremain\include\ogresharedptr.h(79, Ogre::SharedPtr<struct OgreMax::Types::ObjectExtraData>::SharedPtr): 4 bytes
h:\devel\#projects\ogre\shoggoth\ogremain\src\ogrepass.cpp(515, Ogre::Pass::createTextureUnitState): 444 bytes
(unknown source): 152 bytes
h:\devel\#projects\ogre\shoggoth\ogremain\include\ogresharedptr.h(79, Ogre::SharedPtr<class Ogre::HardwarePixelBuffer>::SharedPtr): 4 bytes
h:\devel\#projects\ogre\shoggoth\ogremain\include\ogresharedptr.h(79, Ogre::SharedPtr<class Ogre::HardwareVertexBuffer>::SharedPtr): 4 bytes
h:\devel\#projects\ogre\shoggoth\plugins\cgprogrammanager\src\ogrecgprogramfactory.cpp(63, Ogre::CgProgramFactory::create): 612 bytes
h:\devel\#projects\ogre\shoggoth_last_svn\ogremain\include\ogresharedptr.h(79, Ogre::SharedPtr<struct OgreMax::Types::ObjectExtraData>::SharedPtr): 4 bytes
(unknown source): 52 bytes
h:\devel\#projects\ogre\shoggoth\ogremain\include\ogresharedptr.h(79, Ogre::SharedPtr<class Ogre::HardwareVertexBuffer>::SharedPtr): 4 bytes
h:\devel\#projects\ogre\shoggoth\ogremain\include\ogresharedptr.h(79, Ogre::SharedPtr<class Ogre::HardwareVertexBuffer>::SharedPtr): 4 bytes
h:\devel\#projects\ogre\shoggoth\ogremain\include\ogresharedptr.h(79, Ogre::SharedPtr<class Ogre::Resource>::SharedPtr): 4 bytes
(unknown source): 56 bytes
h:\devel\#projects\ogre\shoggoth\ogremain\src\ogretechnique.cpp(342, Ogre::Technique::createPass): 356 bytes
h:\devel\#projects\ogre\shoggoth\ogremain\src\ogrepass.cpp(515, Ogre::Pass::createTextureUnitState): 444 bytes
h:\devel\#projects\ogre\shoggoth\ogremain\include\ogresharedptr.h(79, Ogre::SharedPtr<class Ogre::HardwareVertexBuffer>::SharedPtr): 4 bytes
(unknown source): 56 bytes
h:\devel\#projects\ogre\shoggoth\ogremain\include\ogresharedptr.h(79, Ogre::SharedPtr<class Ogre::HardwareVertexBuffer>::SharedPtr): 4 bytes
h:\devel\#projects\ogre\shoggoth\ogremain\include\ogresharedptr.h(79, Ogre::SharedPtr<class Ogre::HardwareVertexBuffer>::SharedPtr): 4 bytes
h:\devel\#projects\ogre\shoggoth\ogremain\include\ogresharedptr.h(79, Ogre::SharedPtr<class Ogre::HardwareVertexBuffer>::SharedPtr): 4 bytes
(unknown source): 52 bytes
h:\devel\#projects\ogre\shoggoth\ogremain\include\ogresharedptr.h(79, Ogre::SharedPtr<class Ogre::HardwareVertexBuffer>::SharedPtr): 4 bytes
(unknown source): 52 bytes
(unknown source): 56 bytes
h:\devel\#projects\ogre\shoggoth\ogremain\include\ogresharedptr.h(79, Ogre::SharedPtr<class Ogre::HardwareVertexBuffer>::SharedPtr): 4 bytes
h:\devel\#projects\ogre\shoggoth\ogremain\include\ogresharedptr.h(79, Ogre::SharedPtr<class Ogre::HardwareVertexBuffer>::SharedPtr): 4 bytes
h:\devel\#projects\ogre\shoggoth_last_svn\ogremain\include\ogresharedptr.h(79, Ogre::SharedPtr<struct OgreMax::Types::ObjectExtraData>::SharedPtr): 4 bytes
(unknown source): 152 bytes
(unknown source): 52 bytes
(unknown source): 56 bytes
h:\devel\#projects\ogre\shoggoth\ogremain\include\ogresharedptr.h(79, Ogre::SharedPtr<class Ogre::HardwareVertexBuffer>::SharedPtr): 4 bytes
h:\devel\#projects\ogre\shoggoth_last_svn\ogremain\include\ogresharedptr.h(79, Ogre::SharedPtr<struct OgreMax::Types::ObjectExtraData>::SharedPtr): 4 bytes
(unknown source): 52 bytes
h:\devel\#projects\ogre\shoggoth\ogremain\include\ogresharedptr.h(79, Ogre::SharedPtr<class Ogre::HardwarePixelBuffer>::SharedPtr): 4 bytes
h:\devel\#projects\ogre\shoggoth\ogremain\include\ogresharedptr.h(79, Ogre::SharedPtr<class Ogre::Resource>::SharedPtr): 4 bytes
(unknown source): 52 bytes
(unknown source): 52 bytes
h:\devel\#projects\ogre\shoggoth\ogremain\include\ogresharedptr.h(79, Ogre::SharedPtr<class Ogre::Resource>::SharedPtr): 4 bytes
h:\devel\#projects\ogre\shoggoth\ogremain\include\ogresharedptr.h(79, Ogre::SharedPtr<class Ogre::HardwareVertexBuffer>::SharedPtr): 4 bytes
h:\devel\#projects\ogre\shoggoth\ogremain\include\ogresharedptr.h(79, Ogre::SharedPtr<class Ogre::HardwarePixelBuffer>::SharedPtr): 4 bytes
h:\devel\#projects\ogre\shoggoth\ogremain\include\ogresharedptr.h(79, Ogre::SharedPtr<class Ogre::GpuProgramParameters>::SharedPtr): 4 bytes
h:\devel\#projects\ogre\shoggoth\ogremain\include\ogresharedptr.h(79, Ogre::SharedPtr<class Ogre::HardwareVertexBuffer>::SharedPtr): 4 bytes
h:\devel\#projects\ogre\shoggoth\ogremain\include\ogresharedptr.h(79, Ogre::SharedPtr<class Ogre::HardwareVertexBuffer>::SharedPtr): 4 bytes
h:\devel\#projects\ogre\shoggoth\ogremain\include\ogresharedptr.h(79, Ogre::SharedPtr<class Ogre::HardwareVertexBuffer>::SharedPtr): 4 bytes
h:\devel\#projects\ogre\shoggoth_last_svn\ogremain\include\ogresharedptr.h(79, Ogre::SharedPtr<struct OgreMax::Types::ObjectExtraData>::SharedPtr): 4 bytes
h:\devel\#projects\ogre\shoggoth\ogremain\include\ogresharedptr.h(79, Ogre::SharedPtr<class Ogre::HardwareVertexBuffer>::SharedPtr): 4 bytes
h:\devel\#projects\ogre\shoggoth\ogremain\src\ogregpuprogrammanager.cpp(171, Ogre::GpuProgramManager::createParameters): 80 bytes
h:\devel\#projects\ogre\shoggoth_last_svn\ogremain\include\ogresharedptr.h(79, Ogre::SharedPtr<struct OgreMax::Types::ObjectExtraData>::SharedPtr): 4 bytes
h:\devel\#projects\ogre\shoggoth_last_svn\ogremain\include\ogresharedptr.h(79, Ogre::SharedPtr<struct OgreMax::Types::ObjectExtraData>::SharedPtr): 4 bytes
h:\devel\#projects\ogre\shoggoth\ogremain\src\ogrepass.cpp(524, Ogre::Pass::createTextureUnitState): 444 bytes
(unknown source): 856 bytes
(unknown source): 52 bytes
h:\devel\#projects\ogre\shoggoth_last_svn\ogremain\include\ogresharedptr.h(79, Ogre::SharedPtr<struct OgreMax::Types::ObjectExtraData>::SharedPtr): 4 bytes
(unknown source): 56 bytes
(unknown source): 56 bytes
(unknown source): 152 bytes
h:\devel\#projects\ogre\shoggoth\ogremain\include\ogresharedptr.h(79, Ogre::SharedPtr<class Ogre::HardwareVertexBuffer>::SharedPtr): 4 bytes
h:\devel\#projects\ogre\shoggoth\ogremain\include\ogresharedptr.h(79, Ogre::SharedPtr<class Ogre::Resource>::SharedPtr): 4 bytes
h:\devel\#projects\ogre\shoggoth\ogremain\include\ogresharedptr.h(79, Ogre::SharedPtr<class Ogre::HardwareVertexBuffer>::SharedPtr): 4 bytes
h:\devel\#projects\ogre\shoggoth\ogremain\include\ogresharedptr.h(79, Ogre::SharedPtr<class Ogre::HardwarePixelBuffer>::SharedPtr): 4 bytes
(unknown source): 52 bytes
(unknown source): 56 bytes
h:\devel\#projects\ogre\shoggoth\ogremain\include\ogresharedptr.h(79, Ogre::SharedPtr<class Ogre::Resource>::SharedPtr): 4 bytes
(unknown source): 480 bytes
h:\devel\#projects\ogre\shoggoth\ogremain\src\ogrepass.cpp(515, Ogre::Pass::createTextureUnitState): 444 bytes
h:\devel\#projects\ogre\shoggoth\ogremain\include\ogresharedptr.h(79, Ogre::SharedPtr<class Ogre::HardwareVertexBuffer>::SharedPtr): 4 bytes
(unknown source): 52 bytes
(unknown source): 52 bytes
h:\devel\#projects\ogre\shoggoth\ogremain\include\ogresharedptr.h(79, Ogre::SharedPtr<class Ogre::HardwareVertexBuffer>::SharedPtr): 4 bytes
h:\devel\#projects\ogre\shoggoth_last_svn\ogremain\include\ogresharedptr.h(79, Ogre::SharedPtr<struct OgreMax::Types::ObjectExtraData>::SharedPtr): 4 bytes
h:\devel\#projects\ogre\shoggoth\ogremain\src\ogrepass.cpp(515, Ogre::Pass::createTextureUnitState): 444 bytes
h:\devel\#projects\ogre\shoggoth\ogremain\include\ogresharedptr.h(79, Ogre::SharedPtr<class Ogre::HardwareIndexBuffer>::SharedPtr): 4 bytes
(unknown source): 52 bytes
h:\devel\#projects\ogre\shoggoth_last_svn\ogremain\include\ogresharedptr.h(79, Ogre::SharedPtr<struct OgreMax::Types::ObjectExtraData>::SharedPtr): 4 bytes
(unknown source): 56 bytes
h:\devel\#projects\ogre\shoggoth\ogremain\include\ogresharedptr.h(79, Ogre::SharedPtr<class Ogre::HardwareVertexBuffer>::SharedPtr): 4 bytes
h:\devel\#projects\ogre\shoggoth\ogremain\include\ogresharedptr.h(79, Ogre::SharedPtr<class Ogre::HardwareVertexBuffer>::SharedPtr): 4 bytes
h:\devel\#projects\ogre\shoggoth\ogremain\include\ogresharedptr.h(79, Ogre::SharedPtr<class Ogre::HardwareVertexBuffer>::SharedPtr): 4 bytes
h:\devel\#projects\ogre\shoggoth\ogremain\src\ogrematerial.cpp(250, Ogre::Material::createTechnique): 224 bytes
(unknown source): 52 bytes
(unknown source): 52 bytes
h:\devel\#projects\ogre\shoggoth\ogremain\include\ogresharedptr.h(79, Ogre::SharedPtr<class Ogre::HardwarePixelBuffer>::SharedPtr): 4 bytes
h:\devel\#projects\ogre\shoggoth\plugins\cgprogrammanager\src\ogrecgprogram.cpp(91, Ogre::CgProgram::buildArgs): 4 bytes
h:\devel\#projects\ogre\shoggoth\ogremain\include\ogresharedptr.h(79, Ogre::SharedPtr<class Ogre::GpuProgramParameters>::SharedPtr): 4 bytes
(unknown source): 52 bytes
(unknown source): 52 bytes
h:\devel\#projects\ogre\shoggoth\ogremain\include\ogresharedptr.h(79, Ogre::SharedPtr<class Ogre::HardwareVertexBuffer>::SharedPtr): 4 bytes
(unknown source): 52 bytes
h:\devel\#projects\ogre\shoggoth\plugins\cgprogrammanager\src\ogrecgprogramfactory.cpp(63, Ogre::CgProgramFactory::create): 612 bytes
h:\devel\#projects\ogre\shoggoth\ogremain\include\ogresharedptr.h(79, Ogre::SharedPtr<class Ogre::HardwareVertexBuffer>::SharedPtr): 4 bytes
h:\devel\#projects\ogre\shoggoth_last_svn\ogremain\include\ogresharedptr.h(79, Ogre::SharedPtr<struct OgreMax::Types::ObjectExtraData>::SharedPtr): 4 bytes
(unknown source): 152 bytes
h:\devel\#projects\ogre\shoggoth\plugins\cgprogrammanager\src\ogrecgprogram.cpp(95, Ogre::CgProgram::buildArgs): 13 bytes
(unknown source): 152 bytes
h:\devel\#projects\ogre\shoggoth_last_svn\ogremain\include\ogresharedptr.h(79, Ogre::SharedPtr<struct OgreMax::Types::ObjectExtraData>::SharedPtr): 4 bytes
(unknown source): 52 bytes
h:\devel\#projects\ogre\shoggoth\plugins\cgprogrammanager\src\ogrecgprogramfactory.cpp(63, Ogre::CgProgramFactory::create): 612 bytes
h:\devel\#projects\ogre\shoggoth\ogremain\src\ogregpuprogrammanager.cpp(171, Ogre::GpuProgramManager::createParameters): 80 bytes
h:\devel\#projects\ogre\shoggoth\ogremain\include\ogresharedptr.h(79, Ogre::SharedPtr<class Ogre::Resource>::SharedPtr): 4 bytes
(unknown source): 480 bytes
(unknown source): 52 bytes
(unknown source): 480 bytes
h:\devel\#projects\ogre\shoggoth\ogremain\include\ogresharedptr.h(79, Ogre::SharedPtr<class Ogre::HardwareVertexBuffer>::SharedPtr): 4 bytes
(unknown source): 480 bytes
(unknown source): 152 bytes
(unknown source): 152 bytes
h:\devel\#projects\ogre\shoggoth\ogremain\include\ogresharedptr.h(79, Ogre::SharedPtr<class Ogre::HardwareVertexBuffer>::SharedPtr): 4 bytes
h:\devel\#projects\ogre\shoggoth\ogremain\include\ogresharedptr.h(79, Ogre::SharedPtr<class Ogre::HardwareVertexBuffer>::SharedPtr): 4 bytes
(unknown source): 52 bytes
h:\devel\#projects\ogre\shoggoth\ogremain\include\ogresharedptr.h(79, Ogre::SharedPtr<class Ogre::HardwareVertexBuffer>::SharedPtr): 4 bytes
(unknown source): 52 bytes
h:\devel\#projects\ogre\shoggoth_last_svn\ogremain\include\ogresharedptr.h(79, Ogre::SharedPtr<struct OgreMax::Types::ObjectExtraData>::SharedPtr): 4 bytes
h:\devel\#projects\ogre\shoggoth\ogremain\src\ogrematerialmanager.cpp(111, Ogre::MaterialManager::createImpl): 312 bytes
h:\devel\#projects\ogre\shoggoth_last_svn\ogremain\include\ogresharedptr.h(79, Ogre::SharedPtr<struct OgreMax::Types::ObjectExtraData>::SharedPtr): 4 bytes
h:\devel\#projects\ogre\shoggoth\plugins\cgprogrammanager\src\ogrecgprogram.cpp(95, Ogre::CgProgram::buildArgs): 5 bytes
h:\devel\#projects\ogre\shoggoth\plugins\cgprogrammanager\src\ogrecgprogram.cpp(95, Ogre::CgProgram::buildArgs): 5 bytes
h:\devel\#projects\ogre\shoggoth\ogremain\include\ogresharedptr.h(79, Ogre::SharedPtr<class Ogre::HardwarePixelBuffer>::SharedPtr): 4 bytes
(unknown source): 56 bytes
h:\devel\#projects\ogre\shoggoth\ogremain\include\ogresharedptr.h(79, Ogre::SharedPtr<class Ogre::HardwareVertexBuffer>::SharedPtr): 4 bytes
h:\devel\#projects\ogre\shoggoth_last_svn\ogremain\include\ogresharedptr.h(79, Ogre::SharedPtr<struct OgreMax::Types::ObjectExtraData>::SharedPtr): 4 bytes
h:\devel\#projects\ogre\shoggoth_last_svn\ogremain\include\ogresharedptr.h(79, Ogre::SharedPtr<struct OgreMax::Types::ObjectExtraData>::SharedPtr): 4 bytes
(unknown source): 468 bytes
h:\devel\#projects\ogre\shoggoth\ogremain\include\ogresharedptr.h(79, Ogre::SharedPtr<class Ogre::HardwarePixelBuffer>::SharedPtr): 4 bytes
(unknown source): 56 bytes
h:\devel\#projects\ogre\shoggoth_last_svn\ogremain\include\ogresharedptr.h(79, Ogre::SharedPtr<struct OgreMax::Types::ObjectExtraData>::SharedPtr): 4 bytes
(unknown source): 480 bytes
h:\devel\#projects\ogre\shoggoth\ogremain\include\ogresharedptr.h(79, Ogre::SharedPtr<class Ogre::HardwarePixelBuffer>::SharedPtr): 4 bytes
(unknown source): 52 bytes
h:\devel\#projects\ogre\shoggoth\ogremain\include\ogresharedptr.h(79, Ogre::SharedPtr<class Ogre::HardwarePixelBuffer>::SharedPtr): 4 bytes
(unknown source): 52 bytes
(unknown source): 52 bytes
h:\devel\#projects\ogre\shoggoth_last_svn\ogremain\include\ogresharedptr.h(79, Ogre::SharedPtr<struct OgreMax::Types::ObjectExtraData>::SharedPtr): 4 bytes
(unknown source): 152 bytes
h:\devel\#projects\ogre\shoggoth\ogremain\include\ogresharedptr.h(79, Ogre::SharedPtr<class Ogre::HardwareVertexBuffer>::SharedPtr): 4 bytes
(unknown source): 52 bytes
h:\devel\#projects\ogre\shoggoth_last_svn\ogremain\include\ogresharedptr.h(79, Ogre::SharedPtr<struct OgreMax::Types::ObjectExtraData>::SharedPtr): 4 bytes
(unknown source): 52 bytes
h:\devel\#projects\ogre\shoggoth\ogremain\include\ogresharedptr.h(79, Ogre::SharedPtr<class Ogre::Resource>::SharedPtr): 4 bytes
(unknown source): 52 bytes
h:\devel\#projects\ogre\shoggoth\ogremain\include\ogresharedptr.h(79, Ogre::SharedPtr<class Ogre::HardwarePixelBuffer>::SharedPtr): 4 bytes
h:\devel\#projects\ogre\shoggoth_last_svn\ogremain\include\ogresharedptr.h(79, Ogre::SharedPtr<struct OgreMax::Types::ObjectExtraData>::SharedPtr): 4 bytes
h:\devel\#projects\ogre\shoggoth\ogremain\include\ogresharedptr.h(79, Ogre::SharedPtr<class Ogre::HardwareVertexBuffer>::SharedPtr): 4 bytes
(unknown source): 152 bytes
h:\devel\#projects\ogre\shoggoth_last_svn\ogremain\include\ogresharedptr.h(79, Ogre::SharedPtr<struct OgreMax::Types::ObjectExtraData>::SharedPtr): 4 bytes
h:\devel\#projects\ogre\shoggoth\ogremain\include\ogresharedptr.h(79, Ogre::SharedPtr<class Ogre::HardwareVertexBuffer>::SharedPtr): 4 bytes
(unknown source): 52 bytes
(unknown source): 152 bytes
(unknown source): 480 bytes
(unknown source): 52 bytes
h:\devel\#projects\ogre\shoggoth\ogremain\include\ogresharedptr.h(79, Ogre::SharedPtr<class Ogre::Resource>::SharedPtr): 4 bytes
h:\devel\#projects\ogre\shoggoth\ogremain\include\ogresharedptr.h(79, Ogre::SharedPtr<class Ogre::GpuProgramParameters>::SharedPtr): 4 bytes
(unknown source): 856 bytes
(unknown source): 56 bytes
h:\devel\#projects\ogre\shoggoth_last_svn\ogremain\include\ogresharedptr.h(79, Ogre::SharedPtr<struct OgreMax::Types::ObjectExtraData>::SharedPtr): 4 bytes
h:\devel\#projects\ogre\shoggoth_last_svn\ogremain\include\ogresharedptr.h(79, Ogre::SharedPtr<struct OgreMax::Types::ObjectExtraData>::SharedPtr): 4 bytes
(unknown source): 56 bytes
h:\devel\#projects\ogre\shoggoth\ogremain\include\ogresharedptr.h(79, Ogre::SharedPtr<class Ogre::HardwareVertexBuffer>::SharedPtr): 4 bytes
h:\devel\#projects\ogre\shoggoth\ogremain\include\ogresharedptr.h(79, Ogre::SharedPtr<class Ogre::HardwarePixelBuffer>::SharedPtr): 4 bytes
h:\devel\#projects\ogre\shoggoth\ogremain\include\ogresharedptr.h(79, Ogre::SharedPtr<class Ogre::Resource>::SharedPtr): 4 bytes
(unknown source): 56 bytes
h:\devel\#projects\ogre\shoggoth\ogremain\include\ogresharedptr.h(79, Ogre::SharedPtr<class Ogre::HardwareVertexBuffer>::SharedPtr): 4 bytes
h:\devel\#projects\ogre\shoggoth\ogremain\include\ogresharedptr.h(79, Ogre::SharedPtr<class Ogre::HardwarePixelBuffer>::SharedPtr): 4 bytes
(unknown source): 52 bytes
h:\devel\#projects\ogre\shoggoth_last_svn\ogremain\include\ogresharedptr.h(79, Ogre::SharedPtr<struct OgreMax::Types::ObjectExtraData>::SharedPtr): 4 bytes
h:\devel\#projects\ogre\shoggoth\ogremain\src\ogrepass.cpp(515, Ogre::Pass::createTextureUnitState): 444 bytes
h:\devel\#projects\ogre\shoggoth_last_svn\ogremain\include\ogresharedptr.h(79, Ogre::SharedPtr<struct OgreMax::Types::ObjectExtraData>::SharedPtr): 4 bytes
h:\devel\#projects\ogre\shoggoth_last_svn\ogremain\include\ogresharedptr.h(79, Ogre::SharedPtr<struct OgreMax::Types::ObjectExtraData>::SharedPtr): 4 bytes
(unknown source): 152 bytes
h:\devel\#projects\ogre\shoggoth\ogremain\include\ogresharedptr.h(79, Ogre::SharedPtr<class Ogre::HardwareVertexBuffer>::SharedPtr): 4 bytes
h:\devel\#projects\ogre\shoggoth_last_svn\ogremain\include\ogresharedptr.h(79, Ogre::SharedPtr<struct OgreMax::Types::ObjectExtraData>::SharedPtr): 4 bytes
h:\devel\#projects\ogre\shoggoth\ogremain\include\ogresharedptr.h(79, Ogre::SharedPtr<class Ogre::HardwareVertexBuffer>::SharedPtr): 4 bytes
h:\devel\#projects\ogre\shoggoth_last_svn\ogremain\include\ogresharedptr.h(79, Ogre::SharedPtr<struct OgreMax::Types::ObjectExtraData>::SharedPtr): 4 bytes
h:\devel\#projects\ogre\shoggoth_last_svn\ogremain\include\ogresharedptr.h(79, Ogre::SharedPtr<struct OgreMax::Types::ObjectExtraData>::SharedPtr): 4 bytes
(unknown source): 52 bytes
(unknown source): 480 bytes
(unknown source): 52 bytes
h:\devel\#projects\ogre\shoggoth\ogremain\include\ogresharedptr.h(79, Ogre::SharedPtr<class Ogre::HardwarePixelBuffer>::SharedPtr): 4 bytes
h:\devel\#projects\ogre\shoggoth\ogremain\include\ogresharedptr.h(79, Ogre::SharedPtr<class Ogre::Resource>::SharedPtr): 4 bytes
h:\devel\#projects\ogre\shoggoth\ogremain\include\ogresharedptr.h(79, Ogre::SharedPtr<class Ogre::Resource>::SharedPtr): 4 bytes
h:\devel\#projects\ogre\shoggoth\ogremain\include\ogresharedptr.h(79, Ogre::SharedPtr<class Ogre::HardwarePixelBuffer>::SharedPtr): 4 bytes
(unknown source): 52 bytes
(unknown source): 56 bytes
(unknown source): 52 bytes
h:\devel\#projects\ogre\shoggoth_last_svn\ogremain\include\ogresharedptr.h(79, Ogre::SharedPtr<struct OgreMax::Types::ObjectExtraData>::SharedPtr): 4 bytes
(unknown source): 52 bytes
(unknown source): 152 bytes
h:\devel\#projects\ogre\shoggoth\ogremain\include\ogresharedptr.h(79, Ogre::SharedPtr<class Ogre::Resource>::SharedPtr): 4 bytes
h:\devel\#projects\ogre\shoggoth\ogremain\src\ogrepass.cpp(515, Ogre::Pass::createTextureUnitState): 444 bytes
h:\devel\#projects\ogre\shoggoth\ogremain\include\ogresharedptr.h(79, Ogre::SharedPtr<class Ogre::GpuProgramParameters>::SharedPtr): 4 bytes
h:\devel\#projects\ogre\shoggoth\ogremain\include\ogresharedptr.h(79, Ogre::SharedPtr<class Ogre::HardwareVertexBuffer>::SharedPtr): 4 bytes
h:\devel\#projects\ogre\shoggoth\ogremain\src\ogregpuprogrammanager.cpp(171, Ogre::GpuProgramManager::createParameters): 80 bytes
h:\devel\#projects\ogre\shoggoth\ogremain\src\ogrematerial.cpp(250, Ogre::Material::createTechnique): 224 bytes
h:\devel\#projects\ogre\shoggoth\ogremain\include\ogresharedptr.h(79, Ogre::SharedPtr<class Ogre::HardwareVertexBuffer>::SharedPtr): 4 bytes
h:\devel\#projects\ogre\shoggoth\ogremain\include\ogresharedptr.h(79, Ogre::SharedPtr<class Ogre::HardwarePixelBuffer>::SharedPtr): 4 bytes
h:\devel\#projects\ogre\shoggoth_last_svn\ogremain\include\ogresharedptr.h(79, Ogre::SharedPtr<struct OgreMax::Types::ObjectExtraData>::SharedPtr): 4 bytes
(unknown source): 52 bytes
(unknown source): 52 bytes
(unknown source): 56 bytes
h:\devel\#projects\ogre\shoggoth\ogremain\include\ogresharedptr.h(79, Ogre::SharedPtr<class Ogre::HardwareVertexBuffer>::SharedPtr): 4 bytes
(unknown source): 52 bytes
(unknown source): 152 bytes
(unknown source): 856 bytes
h:\devel\#projects\ogre\shoggoth\ogremain\include\ogresharedptr.h(79, Ogre::SharedPtr<class Ogre::HardwareVertexBuffer>::SharedPtr): 4 bytes
h:\devel\#projects\ogre\shoggoth\ogremain\include\ogresharedptr.h(79, Ogre::SharedPtr<class Ogre::Resource>::SharedPtr): 4 bytes
h:\devel\#projects\ogre\shoggoth_last_svn\ogremain\include\ogresharedptr.h(79, Ogre::SharedPtr<struct OgreMax::Types::ObjectExtraData>::SharedPtr): 4 bytes
h:\devel\#projects\ogre\shoggoth\plugins\cgprogrammanager\src\ogrecgprogramfactory.cpp(63, Ogre::CgProgramFactory::create): 612 bytes
h:\devel\#projects\ogre\shoggoth_last_svn\ogremain\include\ogresharedptr.h(79, Ogre::SharedPtr<struct OgreMax::Types::ObjectExtraData>::SharedPtr): 4 bytes
h:\devel\#projects\ogre\shoggoth\ogremain\include\ogresharedptr.h(79, Ogre::SharedPtr<class Ogre::HardwareVertexBuffer>::SharedPtr): 4 bytes
h:\devel\#projects\ogre\shoggoth_last_svn\ogremain\include\ogresharedptr.h(79, Ogre::SharedPtr<struct OgreMax::Types::ObjectExtraData>::SharedPtr): 4 bytes
h:\devel\#projects\ogre\shoggoth\ogremain\include\ogresharedptr.h(79, Ogre::SharedPtr<class Ogre::HardwareVertexBuffer>::SharedPtr): 4 bytes
h:\devel\#projects\ogre\shoggoth_last_svn\ogremain\include\ogresharedptr.h(79, Ogre::SharedPtr<struct OgreMax::Types::ObjectExtraData>::SharedPtr): 4 bytes
h:\devel\#projects\ogre\shoggoth\plugins\cgprogrammanager\src\ogrecgprogram.cpp(95, Ogre::CgProgram::buildArgs): 13 bytes
h:\devel\#projects\ogre\shoggoth\ogremain\include\ogresharedptr.h(79, Ogre::SharedPtr<class Ogre::Resource>::SharedPtr): 4 bytes
h:\devel\#projects\ogre\shoggoth_last_svn\ogremain\include\ogresharedptr.h(79, Ogre::SharedPtr<struct OgreMax::Types::ObjectExtraData>::SharedPtr): 4 bytes
(unknown source): 56 bytes
h:\devel\#projects\ogre\shoggoth\ogremain\include\ogresharedptr.h(79, Ogre::SharedPtr<class Ogre::HardwareVertexBuffer>::SharedPtr): 4 bytes
(unknown source): 52 bytes
(unknown source): 52 bytes
h:\devel\#projects\ogre\shoggoth\ogremain\include\ogresharedptr.h(79, Ogre::SharedPtr<class Ogre::HardwarePixelBuffer>::SharedPtr): 4 bytes
h:\devel\#projects\ogre\shoggoth\ogremain\include\ogresharedptr.h(79, Ogre::SharedPtr<class Ogre::HardwareVertexBuffer>::SharedPtr): 4 bytes
h:\devel\#projects\ogre\shoggoth\ogremain\include\ogresharedptr.h(79, Ogre::SharedPtr<class Ogre::HardwareVertexBuffer>::SharedPtr): 4 bytes
h:\devel\#projects\ogre\shoggoth\ogremain\src\ogrepass.cpp(1267, Ogre::Pass::setFragmentProgram): 36 bytes
(unknown source): 52 bytes
(unknown source): 52 bytes
(unknown source): 52 bytes
h:\devel\#projects\ogre\shoggoth_last_svn\ogremain\include\ogresharedptr.h(79, Ogre::SharedPtr<struct OgreMax::Types::ObjectExtraData>::SharedPtr): 4 bytes
(unknown source): 52 bytes
(unknown source): 52 bytes
h:\devel\#projects\ogre\shoggoth\ogremain\include\ogresharedptr.h(79, Ogre::SharedPtr<class Ogre::HardwareVertexBuffer>::SharedPtr): 4 bytes
h:\devel\#projects\ogre\shoggoth\ogremain\include\ogresharedptr.h(79, Ogre::SharedPtr<class Ogre::HardwareVertexBuffer>::SharedPtr): 4 bytes
h:\devel\#projects\ogre\shoggoth_last_svn\ogremain\include\ogresharedptr.h(79, Ogre::SharedPtr<struct OgreMax::Types::ObjectExtraData>::SharedPtr): 4 bytes
(unknown source): 52 bytes
h:\devel\#projects\ogre\shoggoth\ogremain\include\ogresharedptr.h(79, Ogre::SharedPtr<class Ogre::Resource>::SharedPtr): 4 bytes
h:\devel\#projects\ogre\shoggoth\ogremain\src\ogregpuprogrammanager.cpp(171, Ogre::GpuProgramManager::createParameters): 80 bytes
h:\devel\#projects\ogre\shoggoth_last_svn\ogremain\include\ogresharedptr.h(79, Ogre::SharedPtr<struct OgreMax::Types::ObjectExtraData>::SharedPtr): 4 bytes
h:\devel\#projects\ogre\shoggoth_last_svn\ogremain\include\ogresharedptr.h(79, Ogre::SharedPtr<struct OgreMax::Types::ObjectExtraData>::SharedPtr): 4 bytes
h:\devel\#projects\ogre\shoggoth_last_svn\ogremain\include\ogresharedptr.h(79, Ogre::SharedPtr<struct OgreMax::Types::ObjectExtraData>::SharedPtr): 4 bytes
(unknown source): 52 bytes
(unknown source): 56 bytes
h:\devel\#projects\ogre\shoggoth\ogremain\src\ogrepass.cpp(1236, Ogre::Pass::setVertexProgram): 36 bytes
h:\devel\#projects\ogre\shoggoth\ogremain\src\ogrematerialmanager.cpp(111, Ogre::MaterialManager::createImpl): 312 bytes
(unknown source): 56 bytes
h:\devel\#projects\ogre\shoggoth_last_svn\ogremain\include\ogresharedptr.h(79, Ogre::SharedPtr<struct OgreMax::Types::ObjectExtraData>::SharedPtr): 4 bytes
h:\devel\#projects\ogre\shoggoth\ogremain\include\ogresharedptr.h(79, Ogre::SharedPtr<class Ogre::HardwareVertexBuffer>::SharedPtr): 4 bytes
(unknown source): 52 bytes
(unknown source): 480 bytes
h:\devel\#projects\ogre\shoggoth\ogremain\src\ogrepass.cpp(515, Ogre::Pass::createTextureUnitState): 444 bytes
(unknown source): 56 bytes
(unknown source): 52 bytes
(unknown source): 152 bytes
h:\devel\#projects\ogre\shoggoth\ogremain\include\ogresharedptr.h(79, Ogre::SharedPtr<class Ogre::HardwareVertexBuffer>::SharedPtr): 4 bytes
(unknown source): 52 bytes
(unknown source): 856 bytes
h:\devel\#projects\ogre\shoggoth\ogremain\include\ogresharedptr.h(79, Ogre::SharedPtr<class Ogre::Resource>::SharedPtr): 4 bytes
(unknown source): 856 bytes
h:\devel\#projects\ogre\shoggoth\ogremain\src\ogrepass.cpp(515, Ogre::Pass::createTextureUnitState): 444 bytes
(unknown source): 856 bytes
h:\devel\#projects\ogre\shoggoth_last_svn\ogremain\include\ogresharedptr.h(79, Ogre::SharedPtr<struct OgreMax::Types::ObjectExtraData>::SharedPtr): 4 bytes
h:\devel\#projects\ogre\shoggoth_last_svn\ogremain\include\ogresharedptr.h(79, Ogre::SharedPtr<struct OgreMax::Types::ObjectExtraData>::SharedPtr): 4 bytes
h:\devel\#projects\ogre\shoggoth\ogremain\include\ogresharedptr.h(79, Ogre::SharedPtr<class Ogre::HardwareVertexBuffer>::SharedPtr): 4 bytes
h:\devel\#projects\ogre\shoggoth\ogremain\include\ogresharedptr.h(79, Ogre::SharedPtr<class Ogre::HardwareVertexBuffer>::SharedPtr): 4 bytes
h:\devel\#projects\ogre\shoggoth\ogremain\include\ogresharedptr.h(79, Ogre::SharedPtr<class Ogre::HardwarePixelBuffer>::SharedPtr): 4 bytes
(unknown source): 152 bytes
h:\devel\#projects\ogre\shoggoth\plugins\cgprogrammanager\src\ogrecgprogram.cpp(91, Ogre::CgProgram::buildArgs): 12 bytes
h:\devel\#projects\ogre\shoggoth\ogremain\include\ogresharedptr.h(79, Ogre::SharedPtr<class Ogre::HardwareVertexBuffer>::SharedPtr): 4 bytes
h:\devel\#projects\ogre\shoggoth_last_svn\ogremain\include\ogresharedptr.h(79, Ogre::SharedPtr<struct OgreMax::Types::ObjectExtraData>::SharedPtr): 4 bytes
(unknown source): 52 bytes
(unknown source): 56 bytes
h:\devel\#projects\ogre\shoggoth\ogremain\src\ogrepass.cpp(515, Ogre::Pass::createTextureUnitState): 444 bytes
h:\devel\#projects\ogre\shoggoth\ogremain\include\ogresharedptr.h(79, Ogre::SharedPtr<class Ogre::HardwareVertexBuffer>::SharedPtr): 4 bytes
h:\devel\#projects\ogre\shoggoth\ogremain\include\ogresharedptr.h(79, Ogre::SharedPtr<class Ogre::GpuProgramParameters>::SharedPtr): 4 bytes
(unknown source): 52 bytes
h:\devel\#projects\ogre\shoggoth\ogremain\include\ogresharedptr.h(79, Ogre::SharedPtr<class Ogre::HardwareVertexBuffer>::SharedPtr): 4 bytes
(unknown source): 152 bytes
(unknown source): 52 bytes
(unknown source): 152 bytes
(unknown source): 52 bytes
(unknown source): 52 bytes
(unknown source): 56 bytes
(unknown source): 56 bytes
h:\devel\#projects\ogre\shoggoth\ogremain\include\ogresharedptr.h(79, Ogre::SharedPtr<class Ogre::HardwarePixelBuffer>::SharedPtr): 4 bytes
(unknown source): 856 bytes
h:\devel\#projects\ogre\shoggoth\ogremain\include\ogresharedptr.h(79, Ogre::SharedPtr<class Ogre::HardwareVertexBuffer>::SharedPtr): 4 bytes
h:\devel\#projects\ogre\shoggoth\ogremain\include\ogresharedptr.h(79, Ogre::SharedPtr<class Ogre::HardwarePixelBuffer>::SharedPtr): 4 bytes
(unknown source): 56 bytes
(unknown source): 856 bytes
(unknown source): 52 bytes
(unknown source): 52 bytes
(unknown source): 480 bytes
h:\devel\#projects\ogre\shoggoth\ogremain\src\ogregpuprogrammanager.cpp(171, Ogre::GpuProgramManager::createParameters): 80 bytes
h:\devel\#projects\ogre\shoggoth\ogremain\include\ogresharedptr.h(79, Ogre::SharedPtr<class Ogre::HardwarePixelBuffer>::SharedPtr): 4 bytes
h:\devel\#projects\ogre\shoggoth\ogremain\include\ogresharedptr.h(79, Ogre::SharedPtr<class Ogre::GpuProgramParameters>::SharedPtr): 4 bytes
h:\devel\#projects\ogre\shoggoth\ogremain\include\ogresharedptr.h(79, Ogre::SharedPtr<class Ogre::HardwarePixelBuffer>::SharedPtr): 4 bytes
(unknown source): 52 bytes
h:\devel\#projects\ogre\shoggoth\ogremain\include\ogresharedptr.h(79, Ogre::SharedPtr<class Ogre::HardwareVertexBuffer>::SharedPtr): 4 bytes

502 leaks detected, 51534 bytes total