21:29:26: Creating resource group General
21:29:26: Creating resource group Internal
21:29:26: Creating resource group Autodetect
21:29:26: SceneManagerFactory for type 'DefaultSceneManager' registered.
21:29:26: Registering ResourceManager for type Material
21:29:26: Registering ResourceManager for type Mesh
21:29:26: Registering ResourceManager for type Skeleton
21:29:26: MovableObjectFactory for type 'ParticleSystem' registered.
21:29:26: OverlayElementFactory for type Panel registered.
21:29:26: OverlayElementFactory for type BorderPanel registered.
21:29:26: OverlayElementFactory for type TextArea registered.
21:29:26: Registering ResourceManager for type Font
21:29:26: ArchiveFactory for archive type FileSystem registered.
21:29:26: ArchiveFactory for archive type Zip registered.
21:29:26: FreeImage version: 3.10.0
21:29:26: This program uses FreeImage, a free, open source image library supporting all common bitmap formats. See http://freeimage.sourceforge.net for details
21:29:26: Supported formats: bmp,ico,jpg,jif,jpeg,jpe,jng,koa,iff,lbm,mng,pbm,pbm,pcd,pcx,pgm,pgm,png,ppm,ppm,ras,tga,targa,tif,tiff,wap,wbmp,wbm,psd,cut,xbm,xpm,gif,hdr,g3,sgi,exr,j2k,j2c,jp2
21:29:26: DDS codec registering
21:29:26: Registering ResourceManager for type HighLevelGpuProgram
21:29:26: Registering ResourceManager for type Compositor
21:29:26: MovableObjectFactory for type 'Entity' registered.
21:29:26: MovableObjectFactory for type 'Light' registered.
21:29:26: MovableObjectFactory for type 'BillboardSet' registered.
21:29:26: MovableObjectFactory for type 'ManualObject' registered.
21:29:26: MovableObjectFactory for type 'BillboardChain' registered.
21:29:26: MovableObjectFactory for type 'RibbonTrail' registered.
21:29:26: Loading library .\RenderSystem_Direct3D9_d
21:29:26: Installing plugin: D3D9 RenderSystem
21:29:26: D3D9 : Direct3D9 Rendering Subsystem created.
21:29:27: D3D9: Driver Detection Starts
21:29:27: D3D9: Driver Detection Ends
21:29:27: Plugin successfully installed
21:29:27: Loading library .\RenderSystem_GL_d
21:29:27: Installing plugin: GL RenderSystem
21:29:27: OpenGL Rendering Subsystem created.
21:29:27: Plugin successfully installed
21:29:27: Loading library .\Plugin_OctreeSceneManager_d
21:29:28: Installing plugin: Octree & Terrain Scene Manager
21:29:28: Plugin successfully installed
21:29:28: Loading library .\Plugin_CgProgramManager_d
21:29:28: Installing plugin: Cg Program Manager
21:29:28: Plugin successfully installed
21:29:28: Loading library .\Plugin_PCZSceneManager_d
21:29:28: Installing plugin: Portal Connected Zone Scene Manager
21:29:28: PCZone Factory Type 'ZoneType_Default' registered
21:29:28: Plugin successfully installed
21:29:28: Loading library .\ParticleUniverse_d
21:29:28: Installing plugin: ParticleUniverse
21:29:28: MovableObjectFactory for type 'PUParticleSystem' registered.
21:29:28: MovableObjectFactory for type 'BoxSet' registered.
21:29:28: MovableObjectFactory for type 'SphereSet' registered.
21:29:28: ParticleUniverse: Particle Renderer Type 'Billboard' registered
21:29:28: ParticleUniverse: Particle Renderer Type 'Box' registered
21:29:28: ParticleUniverse: Particle Renderer Type 'Sphere' registered
21:29:28: ParticleUniverse: Particle Renderer Type 'Entity' registered
21:29:28: ParticleUniverse: Particle Renderer Type 'RibbonTrail' registered
21:29:28: ParticleUniverse: Particle Renderer Type 'Light' registered
21:29:28: ParticleUniverse: Particle Emitter Type 'Point' registered
21:29:28: ParticleUniverse: Particle Emitter Type 'Line' registered
21:29:28: ParticleUniverse: Particle Emitter Type 'Box' registered
21:29:28: ParticleUniverse: Particle Emitter Type 'Circle' registered
21:29:28: ParticleUniverse: Particle Emitter Type 'SphereSurface' registered
21:29:28: ParticleUniverse: Particle Emitter Type 'Vertex' registered
21:29:28: ParticleUniverse: Particle Emitter Type 'MeshSurface' registered
21:29:28: ParticleUniverse: Particle Emitter Type 'Position' registered
21:29:28: ParticleUniverse: Particle Emitter Type 'Slave' registered
21:29:28: ParticleUniverse: Particle Affector Type 'Dummy01' registered
21:29:28: ParticleUniverse: Particle Affector Type 'LinearForce' registered
21:29:28: ParticleUniverse: Particle Affector Type 'Gravity' registered
21:29:28: ParticleUniverse: Particle Affector Type 'ParticleFollower' registered
21:29:28: ParticleUniverse: Particle Affector Type 'Vortex' registered
21:29:28: ParticleUniverse: Particle Affector Type 'Randomiser' registered
21:29:28: ParticleUniverse: Particle Affector Type 'Line' registered
21:29:28: ParticleUniverse: Particle Affector Type 'Scale' registered
21:29:28: ParticleUniverse: Particle Affector Type 'GeometryRotator' registered
21:29:28: ParticleUniverse: Particle Affector Type 'TextureRotator' registered
21:29:28: ParticleUniverse: Particle Affector Type 'Jet' registered
21:29:28: ParticleUniverse: Particle Affector Type 'Align' registered
21:29:28: ParticleUniverse: Particle Affector Type 'FlockCentering' registered
21:29:28: ParticleUniverse: Particle Affector Type 'CollisionAvoidance' registered
21:29:28: ParticleUniverse: Particle Affector Type 'VelocityMatching' registered
21:29:28: ParticleUniverse: Particle Affector Type 'Colour' registered
21:29:28: ParticleUniverse: Particle Affector Type 'SineForce' registered
21:29:28: ParticleUniverse: Particle Affector Type 'Dummy02' registered
21:29:28: ParticleUniverse: Particle Affector Type 'SphereCollider' registered
21:29:28: ParticleUniverse: Particle Affector Type 'PlaneCollider' registered
21:29:28: ParticleUniverse: Particle Affector Type 'BoxCollider' registered
21:29:28: ParticleUniverse: Particle Affector Type 'InterParticleCollider' registered
21:29:28: ParticleUniverse: Particle Affector Type 'PathFollower' registered
21:29:28: ParticleUniverse: Particle Observer Type 'OnExpire' registered
21:29:28: ParticleUniverse: Particle Observer Type 'OnEmission' registered
21:29:28: ParticleUniverse: Particle Observer Type 'OnCount' registered
21:29:28: ParticleUniverse: Particle Observer Type 'OnEventFlag' registered
21:29:28: ParticleUniverse: Particle Observer Type 'OnCollision' registered
21:29:28: ParticleUniverse: Particle Observer Type 'OnVelocity' registered
21:29:28: ParticleUniverse: Particle Observer Type 'OnTime' registered
21:29:28: ParticleUniverse: Particle Observer Type 'OnPosition' registered
21:29:28: ParticleUniverse: Particle Observer Type 'OnClear' registered
21:29:28: ParticleUniverse: Particle Observer Type 'OnQuota' registered
21:29:28: ParticleUniverse: Particle Observer Type 'OnRandom' registered
21:29:28: ParticleUniverse: Particle EventHandler Type 'DoExpire' registered
21:29:28: ParticleUniverse: Particle EventHandler Type 'DoFreeze' registered
21:29:28: ParticleUniverse: Particle EventHandler Type 'DoPlacementParticle' registered
21:29:28: ParticleUniverse: Particle EventHandler Type 'DoStopSystem' registered
21:29:28: ParticleUniverse: Particle EventHandler Type 'DoEnableComponent' registered
21:29:28: ParticleUniverse: Particle EventHandler Type 'DoAffector' registered
21:29:28: ParticleUniverse: Particle EventHandler Type 'DoScale' registered
21:29:28: ParticleUniverse: Particle Extern Type 'Gravity' registered
21:29:28: ParticleUniverse: Particle Extern Type 'SphereCollider' registered
21:29:28: ParticleUniverse: Particle Extern Type 'BoxCollider' registered
21:29:28: ParticleUniverse: Particle Extern Type 'Vortex' registered
21:29:28: ParticleUniverse: Particle Behaviour Type 'Slave' registered
21:29:28: Plugin successfully installed
21:29:28: *-*-* OGRE Initialising
21:29:28: *-*-* Version 1.6.1 (Shoggoth)
21:29:28: D3D9 : RenderSystem Option: Allow NVPerfHUD = No
21:29:28: D3D9 : RenderSystem Option: Anti aliasing = None
21:29:28: D3D9 : RenderSystem Option: Floating-point mode = Consistent
21:29:28: D3D9 : RenderSystem Option: Full Screen = No
21:29:28: D3D9 : RenderSystem Option: Rendering Device = NVIDIA GeForce 6600 GT
21:29:28: D3D9 : RenderSystem Option: VSync = No
21:29:28: D3D9 : RenderSystem Option: Video Mode = 1024 x 768 @ 16-bit colour
21:29:28: D3D9 : RenderSystem Option: sRGB Gamma Conversion = No
21:29:29: CPU Identifier & Features
21:29:29: -------------------------
21:29:29:  *   CPU ID: AuthenticAMD: AMD Athlon(tm) 64 Processor 3000+
21:29:29:  *      SSE: yes
21:29:29:  *     SSE2: yes
21:29:29:  *     SSE3: yes
21:29:29:  *      MMX: yes
21:29:29:  *   MMXEXT: yes
21:29:29:  *    3DNOW: yes
21:29:29:  * 3DNOWEXT: yes
21:29:29:  *     CMOV: yes
21:29:29:  *      TSC: yes
21:29:29:  *      FPU: yes
21:29:29:  *      PRO: yes
21:29:29:  *       HT: no
21:29:29: -------------------------
21:29:29: D3D9 : Subsystem Initialising
21:29:29: D3D9RenderSystem::_createRenderWindow "Ape Client", 1024x768 windowed  miscParams: FSAA=0 FSAAQuality=0 colourDepth=16 gamma=false useNVPerfHUD=false vsync=false 
21:29:29: D3D9 : Created D3D9 Rendering Window 'Ape Client' : 1024x768, 16bpp
21:29:29: D3D9 : WARNING - disabling VSync in windowed mode can cause timing issues at lower frame rates, turn VSync on if you observe this problem.
21:29:29: Registering ResourceManager for type Texture
21:29:29: Registering ResourceManager for type GpuProgram
21:29:29: D3D9: Vertex texture format supported - PF_FLOAT32_RGB
21:29:29: D3D9: Vertex texture format supported - PF_FLOAT32_RGBA
21:29:29: D3D9: Vertex texture format supported - PF_FLOAT32_R
21:29:29: RenderSystem capabilities
21:29:29: -------------------------
21:29:29: RenderSystem Name: Direct3D9 Rendering Subsystem
21:29:29: GPU Vendor: nvidia
21:29:29: Device Name: NVIDIA GeForce 6600 GT
21:29:29: Driver Version: 6.14.11.6369
21:29:29:  * Fixed function pipeline: yes
21:29:29:  * Hardware generation of mipmaps: yes
21:29:29:  * Texture blending: yes
21:29:29:  * Anisotropic texture filtering: yes
21:29:29:  * Dot product texture operation: yes
21:29:29:  * Cube mapping: yes
21:29:29:  * Hardware stencil buffer: no
21:29:29:  * Hardware vertex / index buffers: yes
21:29:29:  * Vertex programs: yes
21:29:29:  * Fragment programs: yes
21:29:29:  * Geometry programs: no
21:29:29:  * Supported Shader Profiles: hlsl ps_1_1 ps_1_2 ps_1_3 ps_1_4 ps_2_0 ps_2_a ps_2_b ps_2_x ps_3_0 vs_1_1 vs_2_0 vs_2_a vs_2_x vs_3_0
21:29:29:  * Texture Compression: yes
21:29:29:    - DXT: yes
21:29:29:    - VTC: no
21:29:29:  * Scissor Rectangle: yes
21:29:29:  * Hardware Occlusion Query: yes
21:29:29:  * User clip planes: yes
21:29:29:  * VET_UBYTE4 vertex element type: yes
21:29:29:  * Infinite far plane projection: yes
21:29:29:  * Hardware render-to-texture: yes
21:29:29:  * Floating point textures: yes
21:29:29:  * Non-power-of-two textures: yes
21:29:29:  * Volume textures: yes
21:29:29:  * Multiple Render Targets: 4
21:29:29:    - With different bit depths: no
21:29:29:  * Point Sprites: yes
21:29:29:  * Extended point parameters: yes
21:29:29:  * Max Point Size: 8192
21:29:29:  * Vertex texture fetch: yes
21:29:29:    - Max vertex textures: 4
21:29:29:    - Vertex textures shared: no
21:29:29:  * Render to Vertex Buffer : no
21:29:29:  * DirectX per stage constants: yes
21:29:29: ***************************************
21:29:29: *** D3D9 : Subsystem Initialised OK ***
21:29:29: ***************************************
21:29:29: ResourceBackgroundQueue - threading disabled
21:29:29: Particle Renderer Type 'billboard' registered
21:29:29: SceneManagerFactory for type 'OctreeSceneManager' registered.
21:29:29: SceneManagerFactory for type 'TerrainSceneManager' registered.
21:29:29: SceneManagerFactory for type 'PCZSceneManager' registered.
21:29:29: MovableObjectFactory for type 'PCZLight' registered.
21:29:29: *** Ogre - Loading Resources *** 
21:29:29: Creating resource group Bootstrap
21:29:29: Added resource location '../../Media/packs' of type 'FileSystem' to resource group 'Bootstrap'
21:29:29: Creating resource group ET
21:29:29: Added resource location '../../Media/Terrain' of type 'FileSystem' to resource group 'ET'
21:29:29: Added resource location '../../Media/Terrain/Materials' of type 'FileSystem' to resource group 'ET'
21:29:29: Added resource location '../../Media/Terrain/Shaders' of type 'FileSystem' to resource group 'ET'
21:29:29: Added resource location '../../Media/Terrain/Splatting' of type 'FileSystem' to resource group 'ET'
21:29:29: Added resource location '../../Media/' of type 'FileSystem' to resource group 'General'
21:29:29: Added resource location '../../Media/maps' of type 'FileSystem' to resource group 'General'
21:29:29: Added resource location '../../Media/Sky' of type 'FileSystem' to resource group 'General'
21:29:29: Added resource location '../../Media/models' of type 'FileSystem' to resource group 'General'
21:29:29: Added resource location '../../Media/sounds' of type 'FileSystem' to resource group 'General'
21:29:29: Added resource location '../../Media/baked_textures' of type 'FileSystem' to resource group 'General'
21:29:29: Added resource location 'D:/Devel/#GameDevTools/Otras tools/OblivionUnpacked/textures/rocks' of type 'FileSystem' to resource group 'General'
21:29:29: Added resource location 'D:\Devel\#GameDevTools\Otras tools\OblivionUnpacked\textures\dungeons\sewers' of type 'FileSystem' to resource group 'General'
21:29:29: Added resource location 'D:\Devel\#GameDevTools\Otras tools\OblivionUnpacked\textures\dungeons\caves' of type 'FileSystem' to resource group 'General'
21:29:29: Added resource location 'D:\Devel\#GameDevTools\Otras tools\OblivionUnpacked\textures\dungeons\ayleidruins' of type 'FileSystem' to resource group 'General'
21:29:29: Added resource location 'D:\Devel\#GameDevTools\Otras tools\OblivionUnpacked\textures\dungeons\fortruins' of type 'FileSystem' to resource group 'General'
21:29:29: Added resource location 'D:\Devel\#GameDevTools\Otras tools\OblivionUnpacked\textures\dungeons\fortruins\dungeon' of type 'FileSystem' to resource group 'General'
21:29:29: Added resource location 'D:\Devel\#GameDevTools\Otras tools\OblivionUnpacked\textures\dungeons\misc' of type 'FileSystem' to resource group 'General'
21:29:29: Added resource location 'D:\Devel\#GameDevTools\Otras tools\OblivionUnpacked\textures\wood' of type 'FileSystem' to resource group 'General'
21:29:29: Added resource location 'D:\Devel\#GameDevTools\Otras tools\OblivionUnpacked\textures\plants' of type 'FileSystem' to resource group 'General'
21:29:29: Added resource location 'D:\Devel\#GameDevTools\Otras tools\OblivionUnpacked\textures\architecture\lowerclass' of type 'FileSystem' to resource group 'General'
21:29:29: Added resource location 'D:\Devel\#GameDevTools\Otras tools\OblivionUnpacked\textures\architecture\lowerclass\lowinterior' of type 'FileSystem' to resource group 'General'
21:29:29: Added resource location 'D:\Devel\#GameDevTools\Otras tools\OblivionUnpacked\textures\architecture\basementsections' of type 'FileSystem' to resource group 'General'
21:29:29: Added resource location 'D:\Devel\#GameDevTools\Otras tools\OblivionUnpacked\textures\clutter\barset' of type 'FileSystem' to resource group 'General'
21:29:29: Added resource location 'D:\Devel\#GameDevTools\Otras tools\OblivionUnpacked\textures\clutter\vinyard' of type 'FileSystem' to resource group 'General'
21:29:29: Added resource location 'D:\Devel\#GameDevTools\Otras tools\OblivionUnpacked\textures\clutter' of type 'FileSystem' to resource group 'General'
21:29:29: Added resource location 'D:\Devel\#GameDevTools\Otras tools\OblivionUnpacked\textures\clutter\lowerclass' of type 'FileSystem' to resource group 'General'
21:29:29: Added resource location 'D:\Devel\#GameDevTools\Otras tools\OblivionUnpacked\textures\clutter\middleclass' of type 'FileSystem' to resource group 'General'
21:29:29: Added resource location 'D:\Devel\#GameDevTools\Otras tools\OblivionUnpacked\textures\clutter\paintings' of type 'FileSystem' to resource group 'General'
21:29:29: Added resource location 'D:\Devel\#GameDevTools\Otras tools\OblivionUnpacked\textures\creatures\zombie' of type 'FileSystem' to resource group 'General'
21:29:29: Added resource location 'D:\Devel\#GameDevTools\Otras tools\OblivionUnpacked\textures\architecture\stonewall' of type 'FileSystem' to resource group 'General'
21:29:29: Added resource location 'D:\Devel\#GameDevTools\Otras tools\OblivionUnpacked\textures\architecture\castle' of type 'FileSystem' to resource group 'General'
21:29:29: Added resource location 'D:\Devel\#GameDevTools\Otras tools\OblivionUnpacked\textures\architecture\skingrad' of type 'FileSystem' to resource group 'General'
21:29:29: Added resource location 'D:\Devel\#GameDevTools\Otras tools\OblivionUnpacked\textures\architecture\sidewalk' of type 'FileSystem' to resource group 'General'
21:29:29: Added resource location '../../Media/Compositors' of type 'FileSystem' to resource group 'General'
21:29:29: Added resource location '../../Media/ParticleUniverse' of type 'FileSystem' to resource group 'General'
21:29:29: Added resource location '../../Media/ParticleUniverse/models' of type 'FileSystem' to resource group 'General'
21:29:29: Added resource location '../../Media/ParticleUniverse/scripts' of type 'FileSystem' to resource group 'General'
21:29:29: Added resource location '../../Media/ParticleUniverse/textures' of type 'FileSystem' to resource group 'General'
21:29:29: Added resource location '../../Media/ParticleUniverse/textures/32x32' of type 'FileSystem' to resource group 'General'
21:29:29: Added resource location '../../Media/ParticleUniverse/textures/64x64' of type 'FileSystem' to resource group 'General'
21:29:29: Added resource location '../../Media/ParticleUniverse/textures/128x128' of type 'FileSystem' to resource group 'General'
21:29:29: Added resource location '../../Media/ParticleUniverse/textures/256x256' of type 'FileSystem' to resource group 'General'
21:29:29: Added resource location '../../Media/ParticleUniverse/textures/various' of type 'FileSystem' to resource group 'General'
21:29:29: Added resource location '../../Media/ParticleUniverse/material' of type 'FileSystem' to resource group 'General'
21:29:29: Added resource location '../../Media/Characters' of type 'FileSystem' to resource group 'General'
21:29:29: Added resource location '../../Media/Others' of type 'FileSystem' to resource group 'General'
21:29:29: Added resource location '../../Media/ParticleUniverse/packs/cubemapsJS.zip' of type 'Zip' to resource group 'General'
21:29:29: Creating resource group PagedGeometry
21:29:29: Added resource location '../../Media/PagingGeometry' of type 'FileSystem' to resource group 'PagedGeometry'
21:29:29: Added resource location '../../Media/PagingGeometry/Trees' of type 'FileSystem' to resource group 'PagedGeometry'
21:29:29: Added resource location '../../Media/PagingGeometry/Grass' of type 'FileSystem' to resource group 'PagedGeometry'
21:29:29: Parsing scripts for resource group Autodetect
21:29:29: Finished parsing scripts for resource group Autodetect
21:29:29: Parsing scripts for resource group Bootstrap
21:29:29: Parsing script cross.material
21:29:29: Parsing script OgreCore.material
21:29:29: Parsing script OgreProfiler.material
21:29:30: Parsing script Ogre.fontdef
21:29:30: Parsing script OgreDebugPanel.overlay
21:29:30: Texture: New_Ogre_Border_Center.png: Loading 1 faces(PF_A8R8G8B8,256x128x1) with  hardware generated mipmaps from Image. Internal format is PF_A8R8G8B8,256x128x1.
21:29:30: Texture: New_Ogre_Border.png: Loading 1 faces(PF_A8R8G8B8,256x256x1) with  hardware generated mipmaps from Image. Internal format is PF_A8R8G8B8,256x256x1.
21:29:30: Texture: New_Ogre_Border_Break.png: Loading 1 faces(PF_A8R8G8B8,32x32x1) with  hardware generated mipmaps from Image. Internal format is PF_A8R8G8B8,32x32x1.
21:29:30: Font BlueHighwayusing texture size 512x512
21:29:30: Info: Freetype returned null for character 127 in font BlueHighway
21:29:30: Info: Freetype returned null for character 128 in font BlueHighway
21:29:30: Info: Freetype returned null for character 129 in font BlueHighway
21:29:30: Info: Freetype returned null for character 130 in font BlueHighway
21:29:30: Info: Freetype returned null for character 131 in font BlueHighway
21:29:30: Info: Freetype returned null for character 132 in font BlueHighway
21:29:30: Info: Freetype returned null for character 133 in font BlueHighway
21:29:30: Info: Freetype returned null for character 134 in font BlueHighway
21:29:30: Info: Freetype returned null for character 135 in font BlueHighway
21:29:30: Info: Freetype returned null for character 136 in font BlueHighway
21:29:30: Info: Freetype returned null for character 137 in font BlueHighway
21:29:30: Info: Freetype returned null for character 138 in font BlueHighway
21:29:30: Info: Freetype returned null for character 139 in font BlueHighway
21:29:30: Info: Freetype returned null for character 140 in font BlueHighway
21:29:30: Info: Freetype returned null for character 141 in font BlueHighway
21:29:30: Info: Freetype returned null for character 142 in font BlueHighway
21:29:30: Info: Freetype returned null for character 143 in font BlueHighway
21:29:30: Info: Freetype returned null for character 144 in font BlueHighway
21:29:30: Info: Freetype returned null for character 145 in font BlueHighway
21:29:30: Info: Freetype returned null for character 146 in font BlueHighway
21:29:30: Info: Freetype returned null for character 147 in font BlueHighway
21:29:30: Info: Freetype returned null for character 148 in font BlueHighway
21:29:30: Info: Freetype returned null for character 149 in font BlueHighway
21:29:30: Info: Freetype returned null for character 150 in font BlueHighway
21:29:30: Info: Freetype returned null for character 151 in font BlueHighway
21:29:30: Info: Freetype returned null for character 152 in font BlueHighway
21:29:30: Info: Freetype returned null for character 153 in font BlueHighway
21:29:30: Info: Freetype returned null for character 154 in font BlueHighway
21:29:30: Info: Freetype returned null for character 155 in font BlueHighway
21:29:30: Info: Freetype returned null for character 156 in font BlueHighway
21:29:30: Info: Freetype returned null for character 157 in font BlueHighway
21:29:30: Info: Freetype returned null for character 158 in font BlueHighway
21:29:30: Info: Freetype returned null for character 159 in font BlueHighway
21:29:30: Info: Freetype returned null for character 160 in font BlueHighway
21:29:30: Texture: BlueHighwayTexture: Loading 1 faces(PF_BYTE_LA,512x512x1) with 0 generated mipmaps from Image. Internal format is PF_BYTE_LA,512x512x1.
21:29:30: Parsing script OgreLoadingPanel.overlay
21:29:30: Finished parsing scripts for resource group Bootstrap
21:29:30: Parsing scripts for resource group ET
21:29:30: Finished parsing scripts for resource group ET
21:29:30: Parsing scripts for resource group General
21:29:30: Parsing script NormalMapping.program
21:29:30: Parsing script test.material
21:29:30: Parsing script Bloom.material
21:29:30: Parsing script Bloom2.material
21:29:30: Parsing script pu_burst.material
21:29:31: Parsing script pu_explosion.material
21:29:31: Parsing script pu_flame.material
21:29:31: Parsing script pu_fxpression.material
21:29:31: Parsing script pu_generic.material
21:29:31: Parsing script pu_lightning.material
21:29:31: Parsing script pu_lod.material
21:29:31: Parsing script pu_rain.material
21:29:31: Parsing script pu_stone.material
21:29:31: Parsing script pu_tornado.material
21:29:31: Parsing script freddy.material
21:29:31: Parsing script FreddyHeadMaterial.material
21:29:31: Parsing script 00diffuse.material
21:29:31: OGRE EXCEPTION(2:InvalidParametersException): Parameter called lightDif0 does not exist.  in GpuProgramParameters::_findNamedConstantDefinition at d:\devel\#projects\ogre\ogreshoggoth\ogremain\src\ogregpuprogram.cpp (line 1097)
21:29:31: Compiler error: invalid parameters in 00diffuse.material(106): setting of constant failed
21:29:31: OGRE EXCEPTION(2:InvalidParametersException): Parameter called lightPos0 does not exist.  in GpuProgramParameters::_findNamedConstantDefinition at d:\devel\#projects\ogre\ogreshoggoth\ogremain\src\ogregpuprogram.cpp (line 1097)
21:29:31: Compiler error: invalid parameters in 00diffuse.material(107): setting of constant failed
21:29:31: OGRE EXCEPTION(2:InvalidParametersException): Parameter called lightAtt0 does not exist.  in GpuProgramParameters::_findNamedConstantDefinition at d:\devel\#projects\ogre\ogreshoggoth\ogremain\src\ogregpuprogram.cpp (line 1097)
21:29:31: Compiler error: invalid parameters in 00diffuse.material(108): setting of constant failed
21:29:31: OGRE EXCEPTION(2:InvalidParametersException): Parameter called invSMSize does not exist.  in GpuProgramParameters::_findNamedConstantDefinition at d:\devel\#projects\ogre\ogreshoggoth\ogremain\src\ogregpuprogram.cpp (line 1097)
21:29:31: Compiler error: invalid parameters in 00diffuse.material(109): setting of constant failed
21:29:31: OGRE EXCEPTION(2:InvalidParametersException): Parameter called depthRange does not exist.  in GpuProgramParameters::_findNamedConstantDefinition at d:\devel\#projects\ogre\ogreshoggoth\ogremain\src\ogregpuprogram.cpp (line 1097)
21:29:31: Compiler error: invalid parameters in 00diffuse.material(110): setting of constant failed
21:29:31: OGRE EXCEPTION(2:InvalidParametersException): Parameter called spotlightParams does not exist.  in GpuProgramParameters::_findNamedConstantDefinition at d:\devel\#projects\ogre\ogreshoggoth\ogremain\src\ogregpuprogram.cpp (line 1097)
21:29:31: Compiler error: invalid parameters in 00diffuse.material(111): setting of constant failed
21:29:31: Parsing script flare.material
21:29:31: Parsing script metal.material
21:29:31: Parsing script naruto2.material
21:29:31: Parsing script ogre.material
21:29:31: Parsing script shadow_caster.material
21:29:31: Parsing script Bloom.compositor
21:29:31: Parsing script pu_generic.pua
21:29:33: ParticleUniverse: Alias '$defaultBillboardRenderer' registered
21:29:33: ParticleUniverse: Alias '$flatBillboardRenderer' registered
21:29:33: ParticleUniverse: Alias '$simpleEmitter' registered
21:29:33: Parsing script pu_example_11_20.pu
21:29:33: ParticleUniverse: Particle System Template 'example_011' registered
21:29:33: Texture: pu_green_ball.png: Loading 1 faces(PF_A8R8G8B8,64x64x1) with  hardware generated mipmaps from Image. Internal format is PF_A8R8G8B8,64x64x1.
21:29:33: ParticleUniverse: Particle System Template 'example_012' registered
21:29:33: Texture: pu_dot_03_64x64.png: Loading 1 faces(PF_R8G8B8,64x64x1) with  hardware generated mipmaps from Image. Internal format is PF_X8R8G8B8,64x64x1.
21:29:33: ParticleUniverse: Particle System Template 'example_013' registered
21:29:33: ParticleUniverse: Particle System Template 'example_014' registered
21:29:33: Mesh: Loading ogrehead.mesh.
21:29:33: OGRE EXCEPTION(6:FileNotFoundException): Cannot locate resource ogrehead.mesh in resource group General or any other group. in ResourceGroupManager::openResource at d:\devel\#projects\ogre\ogreshoggoth\ogremain\src\ogreresourcegroupmanager.cpp (line 753)
21:29:33: ParticleUniverse: Particle System Template 'example_015' registered
21:29:33: Texture: pu_flare_12_256x256.png: Loading 1 faces(PF_R8G8B8,256x256x1) with  hardware generated mipmaps from Image. Internal format is PF_X8R8G8B8,256x256x1.
21:29:33: ParticleUniverse: Particle System Template 'example_016' registered
21:29:33: Texture: pu_dirt_256x512.png: Loading 1 faces(PF_A8R8G8B8,256x512x1) with  hardware generated mipmaps from Image. Internal format is PF_A8R8G8B8,256x512x1.
21:29:33: ParticleUniverse: Particle System Template 'example_017' registered
21:29:33: ParticleUniverse: Particle System Template 'example_018' registered
21:29:33: Texture: pu_hart.png: Loading 1 faces(PF_A8R8G8B8,152x139x1) with 7 generated mipmaps from Image. Internal format is PF_A8R8G8B8,152x139x1.
21:29:33: ParticleUniverse: Particle System Template 'example_019' registered
21:29:33: ParticleUniverse: Particle System Template 'example_020' registered
21:29:33: Parsing script pu_example_1_10.pu
21:29:34: ParticleUniverse: Alias '$PointEmitter' registered
21:29:34: ParticleUniverse: Alias '$LinearForce' registered
21:29:34: ParticleUniverse: Particle System Template 'example_01_A' registered
21:29:34: Texture: pu_ribbontrail.png: Loading 1 faces(PF_R8G8B8,128x1x1) with  hardware generated mipmaps from Image. Internal format is PF_X8R8G8B8,128x1x1.
21:29:34: ParticleUniverse: Particle System Template 'example_001' registered
21:29:34: ParticleUniverse: Particle System Template 'example_002' registered
21:29:34: ParticleUniverse: Particle System Template 'example_003' registered
21:29:34: ParticleUniverse: Particle System Template 'example_004' registered
21:29:34: ParticleUniverse: Particle System Template 'example_005' registered
21:29:34: ParticleUniverse: Particle System Template 'example_006' registered
21:29:34: Texture: crate6.png: Loading 1 faces(PF_R8G8B8,341x512x1) with 9 generated mipmaps from Image. Internal format is PF_X8R8G8B8,341x512x1.
21:29:34: ParticleUniverse: Particle System Template 'example_007' registered
21:29:34: Texture: flare.png: Loading 1 faces(PF_R8G8B8,256x256x1) with  hardware generated mipmaps from Image. Internal format is PF_X8R8G8B8,256x256x1.
21:29:34: ParticleUniverse: Particle System Template 'example_008' registered
21:29:34: ParticleUniverse: Particle System Template 'example_009' registered
21:29:34: ParticleUniverse: Particle System Template 'example_010' registered
21:29:34: Parsing script pu_example_21_30.pu
21:29:34: ParticleUniverse: Particle System Template 'example_021' registered
21:29:34: ParticleUniverse: Particle System Template 'example_022' registered
21:29:34: ParticleUniverse: Particle System Template 'example_023' registered
21:29:34: ParticleUniverse: Particle System Template 'example_024a' registered
21:29:34: ParticleUniverse: Particle System Template 'example_024b' registered
21:29:34: Texture: pu_fire_01_64x64.png: Loading 1 faces(PF_R8G8B8,64x64x1) with  hardware generated mipmaps from Image. Internal format is PF_X8R8G8B8,64x64x1.
21:29:34: ParticleUniverse: Particle System Template 'example_025' registered
21:29:34: ParticleUniverse: Particle System Template 'example_026' registered
21:29:34: ParticleUniverse: Particle System Template 'example_027' registered
21:29:34: ParticleUniverse: Particle System Template 'example_028' registered
21:29:34: Texture: pu_nucleus.png: Loading 1 faces(PF_A8R8G8B8,64x64x1) with  hardware generated mipmaps from Image. Internal format is PF_A8R8G8B8,64x64x1.
21:29:34: Texture: pu_smoke_02_128x128.png: Loading 1 faces(PF_A8R8G8B8,128x128x1) with  hardware generated mipmaps from Image. Internal format is PF_A8R8G8B8,128x128x1.
21:29:35: Parsing script pu_explosion.pu
21:29:35: ParticleUniverse: Particle System Template 'explosionSystem' registered
21:29:35: Parsing script pu_flame.pu
21:29:35: ParticleUniverse: Particle System Template 'flameSystem' registered
21:29:35: Texture: pu_smoke_black_192x192.png: Loading 1 faces(PF_A8R8G8B8,192x192x1) with 7 generated mipmaps from Image. Internal format is PF_A8R8G8B8,192x192x1.
21:29:35: ParticleUniverse: Particle System Template 'fireSystem' registered
21:29:35: Texture: pu_flame.png: Loading 1 faces(PF_R8G8B8,64x64x1) with  hardware generated mipmaps from Image. Internal format is PF_X8R8G8B8,64x64x1.
21:29:35: Texture: pu_smoke_brown_336x330.png: Loading 1 faces(PF_A8R8G8B8,336x330x1) with 8 generated mipmaps from Image. Internal format is PF_A8R8G8B8,336x330x1.
21:29:35: ParticleUniverse: Particle System Template 'windyFireSystem' registered
21:29:36: Parsing script pu_fxpression.pu
21:29:36: ParticleUniverse: Particle System Template 'FXpression' registered
21:29:36: Texture: pu_plate.jpg: Loading 1 faces(PF_R8G8B8,300x225x1) with 8 generated mipmaps from Image. Internal format is PF_X8R8G8B8,300x225x1.
21:29:36: Mesh: Loading fxpression.mesh.
21:29:36: WARNING: fxpression.mesh is an older format ([MeshSerializer_v1.30]); you should upgrade it as soon as possible using the OgreMeshUpgrade tool.
21:29:36: Parsing script pu_lightning.pu
21:29:36: ParticleUniverse: Particle System Template 'electricBeamSystem' registered
21:29:36: Texture: pu_lightning_20x64.png: Loading 1 faces(PF_A8R8G8B8,20x64x1) with 6 generated mipmaps from Image. Internal format is PF_A8R8G8B8,20x64x1.
21:29:36: Parsing script pu_lod.pu
21:29:36: ParticleUniverse: Particle System Template 'lodSystem' registered
21:29:36: ParticleUniverse: Particle System Template 'advancedLodSystem' registered
21:29:36: Texture: pu_barrel.png: Loading 1 faces(PF_A8R8G8B8,235x295x1) with 8 generated mipmaps from Image. Internal format is PF_A8R8G8B8,235x295x1.
21:29:37: Parsing script pu_rain.pu
21:29:37: ParticleUniverse: Particle System Template 'rainSystem_1' registered
21:29:37: Texture: pu_rain_01.png: Loading 1 faces(PF_L16,32x1050x1) with 10 generated mipmaps from Image. Internal format is PF_L16,32x1050x1.
21:29:37: Texture: pu_circle.png: Loading 1 faces(PF_A8R8G8B8,64x64x1) with  hardware generated mipmaps from Image. Internal format is PF_A8R8G8B8,64x64x1.
21:29:37: ParticleUniverse: Particle System Template 'rainSystem_2' registered
21:29:37: Parsing script pu_tornado.pu
21:29:37: ParticleUniverse: Particle System Template 'tornadoSystem' registered
21:29:37: Texture: pu_sand_336x330.png: Loading 1 faces(PF_A8R8G8B8,336x330x1) with 8 generated mipmaps from Image. Internal format is PF_A8R8G8B8,336x330x1.
21:29:37: Texture: pu_stone.jpeg: Loading 1 faces(PF_R8G8B8,480x360x1) with 8 generated mipmaps from Image. Internal format is PF_X8R8G8B8,480x360x1.
21:29:37: Finished parsing scripts for resource group General
21:29:37: Parsing scripts for resource group Internal
21:29:37: Finished parsing scripts for resource group Internal
21:29:37: Parsing scripts for resource group PagedGeometry
21:29:37: Finished parsing scripts for resource group PagedGeometry
21:29:47: Mesh: Loading freddy.mesh.
21:29:48: Skeleton: Loading Freddy.skeleton
21:29:50: D3D9 : Loading 2D Texture, image name : 'Freddy_diffuse.dds' with 5 mip map levels
21:29:50: Texture: Freddy_normals.png: Loading 1 faces(PF_R8G8B8,1024x1024x1) with  hardware generated mipmaps from Image. Internal format is PF_X8R8G8B8,1024x1024x1.
21:29:51: ||Creating light...             ||
21:29:51: Mesh: Loading Level01_Room01.mesh.
21:29:51: ||Creating body...             ||
21:29:51: Mesh: Loading Portal03.mesh.
21:29:51: D3D9 : Loading 2D Texture, image name : 'stonewall01.dds' with 5 mip map levels
21:29:51: ||Creating body...             ||
21:29:51: ||Creating light...             ||
21:29:51: ||Creating light...             ||
21:29:51: ||Creating light...             ||
21:29:51: ||Creating light...             ||
21:29:51: Mesh: Loading Suelo_Mesh10.mesh.
21:29:51: D3D9 : Loading 2D Texture, image name : 'sidewalksubtile.dds' with 5 mip map levels
21:29:51: ||Creating body...             ||
21:29:51: Mesh: Loading Suelo_Mesh12.mesh.
21:29:51: ||Creating body...             ||
21:29:51: Mesh: Loading SolidStones_Mesh01.mesh.
21:29:51: D3D9 : Loading 2D Texture, image name : 'plasterskcastle.dds' with 5 mip map levels
21:29:51: ||Creating body...             ||
21:29:51: Mesh: Loading Suelo_Mesh11.mesh.
21:29:51: ||Creating body...             ||
21:29:51: Mesh: Loading SolidStones_Mesh02.mesh.
21:29:51: D3D9 : Loading 2D Texture, image name : 'skingradstone01.dds' with 5 mip map levels
21:29:51: ||Creating body...             ||
21:29:51: Mesh: Loading Suelo_Mesh01.mesh.
21:29:51: ||Creating body...             ||
21:29:51: ||Creating Camera...             ||
21:29:51: Mesh: Loading Wall_Mesh06.mesh.
21:29:51: D3D9 : Loading 2D Texture, image name : 'skingradstone02.dds' with 5 mip map levels
21:29:51: ||Creating body...             ||
21:29:51: Mesh: Loading Wall_Mesh08.mesh.
21:29:51: ||Creating body...             ||
21:29:51: Mesh: Loading Wall_Mesh11.mesh.
21:29:51: ||Creating body...             ||
21:29:51: Mesh: Loading Wall_Mesh09.mesh.
21:29:51: ||Creating body...             ||
21:29:51: Mesh: Loading Wall_Mesh16.mesh.
21:29:51: ||Creating body...             ||
21:29:51: Mesh: Loading Wall_Mesh15.mesh.
21:29:51: ||Creating body...             ||
21:29:51: Mesh: Loading Wall_Mesh14.mesh.
21:29:51: ||Creating body...             ||
21:29:51: Mesh: Loading Wall_Mesh13.mesh.
21:29:51: ||Creating body...             ||
21:29:51: Mesh: Loading Wall_Mesh03.mesh.
21:29:51: ||Creating body...             ||
21:29:51: ||Creating light...             ||
21:29:51: ||Creating light...             ||
21:29:51: Mesh: Loading Wall_Mesh.mesh.
21:29:51: ||Creating body...             ||
21:29:51: Mesh: Loading Wall_Mesh12.mesh.
21:29:51: ||Creating body...             ||
21:29:51: Mesh: Loading Wall_Mesh07.mesh.
21:29:51: ||Creating body...             ||
21:29:51: Mesh: Loading Wall_Mesh02.mesh.
21:29:51: ||Creating body...             ||
21:29:51: Mesh: Loading Wall_Mesh10.mesh.
21:29:51: ||Creating body...             ||
21:29:51: Mesh: Loading Wall_Mesh05.mesh.
21:29:51: ||Creating body...             ||
21:29:51: Mesh: Loading Wall_Mesh01.mesh.
21:29:51: ||Creating body...             ||
21:29:51: Mesh: Loading Suelo_Actors01.mesh.
21:29:51: ||Creating body...             ||
21:29:51: Mesh: Loading Suelo_Actors03.mesh.
21:29:51: ||Creating body...             ||
21:29:51: Mesh: Loading Suelo_Actors11.mesh.
21:29:51: ||Creating body...             ||
21:29:51: Mesh: Loading Suelo_Actors16.mesh.
21:29:51: ||Creating body...             ||
21:29:51: Mesh: Loading Columnas_Actors01.mesh.
21:29:51: ||Creating body...             ||
21:29:51: Mesh: Loading Columnas_Actors02.mesh.
21:29:51: ||Creating body...             ||
21:29:51: Mesh: Loading Columnas_Actors03.mesh.
21:29:51: ||Creating body...             ||
21:29:51: Mesh: Loading Columnas_Actors04.mesh.
21:29:51: ||Creating body...             ||
21:29:51: Mesh: Loading Columnas_Actors05.mesh.
21:29:51: ||Creating body...             ||
21:29:51: Mesh: Loading Columnas_Actors06.mesh.
21:29:51: ||Creating body...             ||
21:29:51: Mesh: Loading Columnas_Actors07.mesh.
21:29:51: ||Creating body...             ||
21:29:51: Mesh: Loading Columnas_Actors08.mesh.
21:29:51: ||Creating body...             ||
21:29:51: Mesh: Loading Columnas_Actors09.mesh.
21:29:51: ||Creating body...             ||
21:29:51: Mesh: Loading Columnas_Actors10.mesh.
21:29:51: ||Creating body...             ||
21:29:51: Mesh: Loading Columnas_Actors11.mesh.
21:29:51: ||Creating body...             ||
21:29:52: Mesh: Loading Columnas_Actors12.mesh.
21:29:52: ||Creating body...             ||
21:29:52: Mesh: Loading SolidStones_Actors01.mesh.
21:29:52: ||Creating body...             ||
21:29:52: Mesh: Loading SolidStones_Actors02.mesh.
21:29:52: ||Creating body...             ||
21:29:52: Mesh: Loading SolidStones_Actors03.mesh.
21:29:52: ||Creating body...             ||
21:29:52: Mesh: Loading SolidStones_Actors04.mesh.
21:29:52: ||Creating body...             ||
21:29:52: Mesh: Loading SolidStones_Actors06.mesh.
21:29:52: ||Creating body...             ||
21:29:52: Mesh: Loading SolidStones_Actors07.mesh.
21:29:52: ||Creating body...             ||
21:29:52: Mesh: Loading Wall_Actors18.mesh.
21:29:52: ||Creating body...             ||
21:29:52: Mesh: Loading Wall_Actors19.mesh.
21:29:52: ||Creating body...             ||
21:29:52: Mesh: Loading Wall_Actors20.mesh.
21:29:52: ||Creating body...             ||
21:29:52: Mesh: Loading Wall_Actors21.mesh.
21:29:52: ||Creating body...             ||
21:29:52: Mesh: Loading Wall_Actors22.mesh.
21:29:52: ||Creating body...             ||
21:29:52: Mesh: Loading Wall_Actors23.mesh.
21:29:52: ||Creating body...             ||
21:29:52: Mesh: Loading Wall_Actors24.mesh.
21:29:52: ||Creating body...             ||
21:29:52: Mesh: Loading Wall_Actors26.mesh.
21:29:52: ||Creating body...             ||
21:29:52: Mesh: Loading Wall_Actors27.mesh.
21:29:52: ||Creating body...             ||
21:29:52: Mesh: Loading Wall_Actors28.mesh.
21:29:52: ||Creating body...             ||
21:29:52: Mesh: Loading Wall_Actors29.mesh.
21:29:52: ||Creating body...             ||
21:29:52: Mesh: Loading Wall_Actors30.mesh.
21:29:52: ||Creating body...             ||
21:29:52: Mesh: Loading Wall_Actors31.mesh.
21:29:52: ||Creating body...             ||
21:29:52: Mesh: Loading Wall_Actors32.mesh.
21:29:52: ||Creating body...             ||
21:29:52: Mesh: Loading Wall_Actors33.mesh.
21:29:52: ||Creating body...             ||
21:29:52: Mesh: Loading Wall_Actors34.mesh.
21:29:52: ||Creating body...             ||
21:29:52: ||Creating light...             ||
21:29:52: ||Creating light...             ||
21:29:52: Mesh: Loading Level01_Room02.mesh.
21:29:52: ||Creating body...             ||
21:29:52: Mesh: Loading SolidStones_Actors08.mesh.
21:29:52: ||Creating body...             ||
21:29:52: ||Creating Camera...             ||
21:29:52: Mesh: Loading Level01_Room03.mesh.
21:29:52: ||Creating body...             ||
21:29:52: ||Creating Camera...             ||
21:29:52: Mesh: Loading ARCorSoff2.mesh.
21:29:52: ||Creating body...             ||
21:29:52: Mesh: Loading ARCorSoff01.mesh.
21:29:52: ||Creating body...             ||
21:29:52: Mesh: Loading ARCorSoff03.mesh.
21:29:52: ||Creating body...             ||
21:29:52: Mesh: Loading Column01.mesh.
21:29:52: ||Creating body...             ||
21:29:52: Mesh: Loading Column02.mesh.
21:29:52: ||Creating body...             ||
21:29:52: Mesh: Loading Suelo_Actors02.mesh.
21:29:52: ||Creating body...             ||
21:29:52: Mesh: Loading Suelo_Mesh13.mesh.
21:29:52: ||Creating body...             ||
21:29:52: Mesh: Loading Suelo_Mesh02.mesh.
21:29:52: ||Creating body...             ||
21:29:52: Mesh: Loading Suelo_Actors17.mesh.
21:29:52: ||Creating body...             ||
21:29:52: Mesh: Loading Suelo_Mesh03.mesh.
21:29:52: ||Creating body...             ||
21:29:52: Mesh: Loading Suelo_Actors18.mesh.
21:29:52: ||Creating body...             ||
21:29:52: Mesh: Loading Column03.mesh.
21:29:52: ||Creating body...             ||
21:29:52: Mesh: Loading Suelo_Actors04.mesh.
21:29:52: ||Creating body...             ||
21:29:52: Mesh: Loading Suelo_Mesh14.mesh.
21:29:52: ||Creating body...             ||
21:29:52: Mesh: Loading Suelo_Actors05.mesh.
21:29:52: ||Creating body...             ||
21:29:52: Mesh: Loading Suelo_Mesh15.mesh.
21:29:52: ||Creating body...             ||
21:29:52: Mesh: Loading Suelo_Actors06.mesh.
21:29:52: ||Creating body...             ||
21:29:52: Mesh: Loading Suelo_Mesh16.mesh.
21:29:52: ||Creating body...             ||
21:29:52: Mesh: Loading Suelo_Actors07.mesh.
21:29:52: ||Creating body...             ||
21:29:52: Mesh: Loading Suelo_Mesh17.mesh.
21:29:52: ||Creating body...             ||
21:29:52: Mesh: Loading Suelo_Actors08.mesh.
21:29:52: ||Creating body...             ||
21:29:52: Mesh: Loading Suelo_Mesh18.mesh.
21:29:52: ||Creating body...             ||
21:29:52: Mesh: Loading Suelo_Actors09.mesh.
21:29:52: ||Creating body...             ||
21:29:52: Mesh: Loading Suelo_Mesh19.mesh.
21:29:52: ||Creating body...             ||
21:29:52: Mesh: Loading Suelo_Actors12.mesh.
21:29:52: ||Creating body...             ||
21:29:52: Mesh: Loading Suelo_Mesh21.mesh.
21:29:52: ||Creating body...             ||
21:29:52: Mesh: Loading Suelo_Actors13.mesh.
21:29:52: ||Creating body...             ||
21:29:52: Mesh: Loading Suelo_Mesh22.mesh.
21:29:52: ||Creating body...             ||
21:29:52: Mesh: Loading Suelo_Actors14.mesh.
21:29:52: ||Creating body...             ||
21:29:52: Mesh: Loading Suelo_Mesh23.mesh.
21:29:52: ||Creating body...             ||
21:29:52: Mesh: Loading Suelo_Actors15.mesh.
21:29:52: ||Creating body...             ||
21:29:52: Mesh: Loading Suelo_Mesh24.mesh.
21:29:52: ||Creating body...             ||
21:29:52: Mesh: Loading Column04.mesh.
21:29:53: ||Creating body...             ||
21:29:53: Mesh: Loading Suelo_Actors19.mesh.
21:29:53: ||Creating body...             ||
21:29:53: Mesh: Loading Suelo_Mesh25.mesh.
21:29:53: ||Creating body...             ||
21:29:53: Mesh: Loading Suelo_Actors20.mesh.
21:29:53: ||Creating body...             ||
21:29:53: Mesh: Loading Suelo_Mesh26.mesh.
21:29:53: ||Creating body...             ||
21:29:53: Mesh: Loading Suelo_Actors21.mesh.
21:29:53: ||Creating body...             ||
21:29:53: Mesh: Loading Suelo_Mesh27.mesh.
21:29:53: ||Creating body...             ||
21:29:53: Mesh: Loading Suelo_Actors22.mesh.
21:29:53: ||Creating body...             ||
21:29:53: Mesh: Loading Suelo_Mesh28.mesh.
21:29:53: ||Creating body...             ||
21:29:53: Mesh: Loading Suelo_Actors23.mesh.
21:29:53: ||Creating body...             ||
21:29:53: Mesh: Loading Suelo_Mesh29.mesh.
21:29:53: ||Creating body...             ||
21:29:53: Mesh: Loading Suelo_Actors24.mesh.
21:29:53: ||Creating body...             ||
21:29:53: Mesh: Loading Suelo_Mesh30.mesh.
21:29:53: ||Creating body...             ||
21:29:53: Mesh: Loading Suelo_Actors25.mesh.
21:29:53: ||Creating body...             ||
21:29:53: Mesh: Loading Suelo_Mesh31.mesh.
21:29:53: ||Creating body...             ||
21:29:53: Mesh: Loading Suelo_Actors26.mesh.
21:29:53: ||Creating body...             ||
21:29:53: Mesh: Loading Suelo_Mesh32.mesh.
21:29:53: ||Creating body...             ||
21:29:53: Mesh: Loading ARCorSoff04.mesh.
21:29:53: ||Creating body...             ||
21:29:53: Mesh: Loading ARCorSoff05.mesh.
21:29:53: ||Creating body...             ||
21:29:53: Mesh: Loading ARCorSoff06.mesh.
21:29:53: ||Creating body...             ||
21:29:53: Mesh: Loading ARCorSoff07.mesh.
21:29:53: ||Creating body...             ||
21:29:53: Mesh: Loading ARCorSoff08.mesh.
21:29:53: ||Creating body...             ||
21:29:53: Mesh: Loading ARCorSoff09.mesh.
21:29:53: ||Creating body...             ||
21:29:53: Mesh: Loading Line02.mesh.
21:29:53: D3D9 : Loading 2D Texture, image name : 'skingradtrim05.dds' with 5 mip map levels
21:29:53: ||Creating body...             ||
21:29:53: ||Creating light...             ||
21:29:53: Mesh: Loading Line01.mesh.
21:29:53: ||Creating body...             ||
21:29:53: ||Creating light...             ||
21:29:53: ||Creating light...             ||
21:29:53: Mesh: Loading Line03.mesh.
21:29:53: ||Creating body...             ||
21:29:53: Mesh: Loading Decoration02.mesh.
21:29:53: ||Creating body...             ||
21:29:53: Mesh: Loading Decor.mesh.
21:29:53: ||Creating body...             ||
21:29:53: Mesh: Loading obj_01.mesh.
21:29:53: ||Creating body...             ||
21:29:53: Mesh: Loading Line08.mesh.
21:29:53: D3D9 : Loading 2D Texture, image name : 'gold01.dds' with 5 mip map levels
21:29:53: ||Creating body...             ||
21:29:53: Mesh: Loading Circle51.mesh.
21:29:53: ||Creating body...             ||
21:29:53: Mesh: Loading Sphere01.mesh.
21:29:53: ||Creating body...             ||
21:29:53: ||Load successful!             ||
21:29:53: =================================
21:29:53: Texture: ARCorSoff01.tga: Loading 1 faces(PF_A8R8G8B8,256x256x1) with  hardware generated mipmaps from Image. Internal format is PF_A8R8G8B8,256x256x1.
21:29:53: D3D9 : Loading 2D Texture, image name : 'plasterskcastle_n.dds' with 5 mip map levels
21:29:53: Texture: ARCorSoff03.tga: Loading 1 faces(PF_A8R8G8B8,256x256x1) with  hardware generated mipmaps from Image. Internal format is PF_A8R8G8B8,256x256x1.
21:29:53: Texture: ARCorSoff04.tga: Loading 1 faces(PF_A8R8G8B8,256x256x1) with  hardware generated mipmaps from Image. Internal format is PF_A8R8G8B8,256x256x1.
21:29:53: Texture: ARCorSoff05.tga: Loading 1 faces(PF_A8R8G8B8,256x256x1) with  hardware generated mipmaps from Image. Internal format is PF_A8R8G8B8,256x256x1.
21:29:53: Texture: ARCorSoff06.tga: Loading 1 faces(PF_A8R8G8B8,256x256x1) with  hardware generated mipmaps from Image. Internal format is PF_A8R8G8B8,256x256x1.
21:29:53: Texture: ARCorSoff07.tga: Loading 1 faces(PF_A8R8G8B8,256x256x1) with  hardware generated mipmaps from Image. Internal format is PF_A8R8G8B8,256x256x1.
21:29:54: Texture: ARCorSoff08.tga: Loading 1 faces(PF_A8R8G8B8,256x256x1) with  hardware generated mipmaps from Image. Internal format is PF_A8R8G8B8,256x256x1.
21:29:54: Texture: ARCorSoff09.tga: Loading 1 faces(PF_A8R8G8B8,256x256x1) with  hardware generated mipmaps from Image. Internal format is PF_A8R8G8B8,256x256x1.
21:29:54: Texture: ARCorSoff2.tga: Loading 1 faces(PF_A8R8G8B8,256x256x1) with  hardware generated mipmaps from Image. Internal format is PF_A8R8G8B8,256x256x1.
21:29:54: Texture: Circle51.tga: Loading 1 faces(PF_A8R8G8B8,256x256x1) with  hardware generated mipmaps from Image. Internal format is PF_A8R8G8B8,256x256x1.
21:29:54: D3D9 : Loading 2D Texture, image name : 'gold01_n.dds' with 5 mip map levels
21:29:54: Texture: Column01.tga: Loading 1 faces(PF_A8R8G8B8,256x256x1) with  hardware generated mipmaps from Image. Internal format is PF_A8R8G8B8,256x256x1.
21:29:54: Texture: Column02.tga: Loading 1 faces(PF_A8R8G8B8,256x256x1) with  hardware generated mipmaps from Image. Internal format is PF_A8R8G8B8,256x256x1.
21:29:54: Texture: Column03.tga: Loading 1 faces(PF_A8R8G8B8,256x256x1) with  hardware generated mipmaps from Image. Internal format is PF_A8R8G8B8,256x256x1.
21:29:54: Texture: Column04.tga: Loading 1 faces(PF_A8R8G8B8,256x256x1) with  hardware generated mipmaps from Image. Internal format is PF_A8R8G8B8,256x256x1.
21:29:54: Texture: Decor.tga: Loading 1 faces(PF_A8R8G8B8,256x256x1) with  hardware generated mipmaps from Image. Internal format is PF_A8R8G8B8,256x256x1.
21:29:54: Texture: Decoration02.tga: Loading 1 faces(PF_A8R8G8B8,256x256x1) with  hardware generated mipmaps from Image. Internal format is PF_A8R8G8B8,256x256x1.
21:29:54: Texture: Line01.tga: Loading 1 faces(PF_A8R8G8B8,256x256x1) with  hardware generated mipmaps from Image. Internal format is PF_A8R8G8B8,256x256x1.
21:29:54: D3D9 : Loading 2D Texture, image name : 'skingradtrim05_n.dds' with 5 mip map levels
21:29:54: Texture: Line02.tga: Loading 1 faces(PF_A8R8G8B8,256x256x1) with  hardware generated mipmaps from Image. Internal format is PF_A8R8G8B8,256x256x1.
21:29:54: Texture: Line03.tga: Loading 1 faces(PF_A8R8G8B8,256x256x1) with  hardware generated mipmaps from Image. Internal format is PF_A8R8G8B8,256x256x1.
21:29:54: Texture: Line08.tga: Loading 1 faces(PF_A8R8G8B8,256x256x1) with  hardware generated mipmaps from Image. Internal format is PF_A8R8G8B8,256x256x1.
21:29:54: Texture: SolidStones_Mesh01.tga: Loading 1 faces(PF_A8R8G8B8,256x256x1) with  hardware generated mipmaps from Image. Internal format is PF_A8R8G8B8,256x256x1.
21:29:54: Texture: SolidStones_Mesh02.tga: Loading 1 faces(PF_A8R8G8B8,256x256x1) with  hardware generated mipmaps from Image. Internal format is PF_A8R8G8B8,256x256x1.
21:29:54: D3D9 : Loading 2D Texture, image name : 'skingradstone01_n.dds' with 5 mip map levels
21:29:54: Texture: Suelo_Mesh01.tga: Loading 1 faces(PF_A8R8G8B8,256x256x1) with  hardware generated mipmaps from Image. Internal format is PF_A8R8G8B8,256x256x1.
21:29:54: D3D9 : Loading 2D Texture, image name : 'sidewalksubtile_n.dds' with 5 mip map levels
21:29:54: Texture: Suelo_Mesh02.tga: Loading 1 faces(PF_A8R8G8B8,256x256x1) with  hardware generated mipmaps from Image. Internal format is PF_A8R8G8B8,256x256x1.
21:29:54: Texture: Suelo_Mesh03.tga: Loading 1 faces(PF_A8R8G8B8,256x256x1) with  hardware generated mipmaps from Image. Internal format is PF_A8R8G8B8,256x256x1.
21:29:54: Texture: Suelo_Mesh10.tga: Loading 1 faces(PF_A8R8G8B8,256x256x1) with  hardware generated mipmaps from Image. Internal format is PF_A8R8G8B8,256x256x1.
21:29:54: Texture: Suelo_Mesh11.tga: Loading 1 faces(PF_A8R8G8B8,256x256x1) with  hardware generated mipmaps from Image. Internal format is PF_A8R8G8B8,256x256x1.
21:29:54: Texture: Suelo_Mesh12.tga: Loading 1 faces(PF_A8R8G8B8,256x256x1) with  hardware generated mipmaps from Image. Internal format is PF_A8R8G8B8,256x256x1.
21:29:54: Texture: Suelo_Mesh13.tga: Loading 1 faces(PF_A8R8G8B8,256x256x1) with  hardware generated mipmaps from Image. Internal format is PF_A8R8G8B8,256x256x1.
21:29:54: Texture: Suelo_Mesh14.tga: Loading 1 faces(PF_A8R8G8B8,256x256x1) with  hardware generated mipmaps from Image. Internal format is PF_A8R8G8B8,256x256x1.
21:29:55: Texture: Suelo_Mesh15.tga: Loading 1 faces(PF_A8R8G8B8,256x256x1) with  hardware generated mipmaps from Image. Internal format is PF_A8R8G8B8,256x256x1.
21:29:55: Texture: Suelo_Mesh16.tga: Loading 1 faces(PF_A8R8G8B8,256x256x1) with  hardware generated mipmaps from Image. Internal format is PF_A8R8G8B8,256x256x1.
21:29:55: Texture: Suelo_Mesh17.tga: Loading 1 faces(PF_A8R8G8B8,256x256x1) with  hardware generated mipmaps from Image. Internal format is PF_A8R8G8B8,256x256x1.
21:29:55: Texture: Suelo_Mesh18.tga: Loading 1 faces(PF_A8R8G8B8,256x256x1) with  hardware generated mipmaps from Image. Internal format is PF_A8R8G8B8,256x256x1.
21:29:55: Texture: Suelo_Mesh19.tga: Loading 1 faces(PF_A8R8G8B8,256x256x1) with  hardware generated mipmaps from Image. Internal format is PF_A8R8G8B8,256x256x1.
21:29:55: Texture: Suelo_Mesh21.tga: Loading 1 faces(PF_A8R8G8B8,256x256x1) with  hardware generated mipmaps from Image. Internal format is PF_A8R8G8B8,256x256x1.
21:29:55: Texture: Suelo_Mesh22.tga: Loading 1 faces(PF_A8R8G8B8,256x256x1) with  hardware generated mipmaps from Image. Internal format is PF_A8R8G8B8,256x256x1.
21:29:55: Texture: Suelo_Mesh23.tga: Loading 1 faces(PF_A8R8G8B8,256x256x1) with  hardware generated mipmaps from Image. Internal format is PF_A8R8G8B8,256x256x1.
21:29:55: Texture: Suelo_Mesh24.tga: Loading 1 faces(PF_A8R8G8B8,256x256x1) with  hardware generated mipmaps from Image. Internal format is PF_A8R8G8B8,256x256x1.
21:29:55: Texture: Suelo_Mesh25.tga: Loading 1 faces(PF_A8R8G8B8,256x256x1) with  hardware generated mipmaps from Image. Internal format is PF_A8R8G8B8,256x256x1.
21:29:55: Texture: Suelo_Mesh26.tga: Loading 1 faces(PF_A8R8G8B8,256x256x1) with  hardware generated mipmaps from Image. Internal format is PF_A8R8G8B8,256x256x1.
21:29:55: Texture: Suelo_Mesh27.tga: Loading 1 faces(PF_A8R8G8B8,256x256x1) with  hardware generated mipmaps from Image. Internal format is PF_A8R8G8B8,256x256x1.
21:29:55: Texture: Suelo_Mesh28.tga: Loading 1 faces(PF_A8R8G8B8,256x256x1) with  hardware generated mipmaps from Image. Internal format is PF_A8R8G8B8,256x256x1.
21:29:55: Texture: Suelo_Mesh29.tga: Loading 1 faces(PF_A8R8G8B8,256x256x1) with  hardware generated mipmaps from Image. Internal format is PF_A8R8G8B8,256x256x1.
21:29:55: Texture: Suelo_Mesh30.tga: Loading 1 faces(PF_A8R8G8B8,256x256x1) with  hardware generated mipmaps from Image. Internal format is PF_A8R8G8B8,256x256x1.
21:29:55: Texture: Suelo_Mesh31.tga: Loading 1 faces(PF_A8R8G8B8,256x256x1) with  hardware generated mipmaps from Image. Internal format is PF_A8R8G8B8,256x256x1.
21:29:55: Texture: Suelo_Mesh32.tga: Loading 1 faces(PF_A8R8G8B8,256x256x1) with  hardware generated mipmaps from Image. Internal format is PF_A8R8G8B8,256x256x1.
21:29:55: Texture: Wall_Mesh.tga: Loading 1 faces(PF_A8R8G8B8,256x256x1) with  hardware generated mipmaps from Image. Internal format is PF_A8R8G8B8,256x256x1.
21:29:55: D3D9 : Loading 2D Texture, image name : 'skingradstone02_n.dds' with 5 mip map levels
21:29:55: Texture: Wall_Mesh01.tga: Loading 1 faces(PF_A8R8G8B8,256x256x1) with  hardware generated mipmaps from Image. Internal format is PF_A8R8G8B8,256x256x1.
21:29:55: Texture: Wall_Mesh02.tga: Loading 1 faces(PF_A8R8G8B8,256x256x1) with  hardware generated mipmaps from Image. Internal format is PF_A8R8G8B8,256x256x1.
21:29:55: Texture: Wall_Mesh03.tga: Loading 1 faces(PF_A8R8G8B8,256x256x1) with  hardware generated mipmaps from Image. Internal format is PF_A8R8G8B8,256x256x1.
21:29:55: Texture: Wall_Mesh05.tga: Loading 1 faces(PF_A8R8G8B8,256x256x1) with  hardware generated mipmaps from Image. Internal format is PF_A8R8G8B8,256x256x1.
21:29:55: Texture: Wall_Mesh06.tga: Loading 1 faces(PF_A8R8G8B8,256x256x1) with  hardware generated mipmaps from Image. Internal format is PF_A8R8G8B8,256x256x1.
21:29:55: Texture: Wall_Mesh07.tga: Loading 1 faces(PF_A8R8G8B8,256x256x1) with  hardware generated mipmaps from Image. Internal format is PF_A8R8G8B8,256x256x1.
21:29:56: Texture: Wall_Mesh08.tga: Loading 1 faces(PF_A8R8G8B8,256x256x1) with  hardware generated mipmaps from Image. Internal format is PF_A8R8G8B8,256x256x1.
21:29:56: Texture: Wall_Mesh09.tga: Loading 1 faces(PF_A8R8G8B8,256x256x1) with  hardware generated mipmaps from Image. Internal format is PF_A8R8G8B8,256x256x1.
21:29:56: Texture: Wall_Mesh10.tga: Loading 1 faces(PF_A8R8G8B8,256x256x1) with  hardware generated mipmaps from Image. Internal format is PF_A8R8G8B8,256x256x1.
21:29:56: Texture: Wall_Mesh11.tga: Loading 1 faces(PF_A8R8G8B8,256x256x1) with  hardware generated mipmaps from Image. Internal format is PF_A8R8G8B8,256x256x1.
21:29:56: Texture: Wall_Mesh12.tga: Loading 1 faces(PF_A8R8G8B8,256x256x1) with  hardware generated mipmaps from Image. Internal format is PF_A8R8G8B8,256x256x1.
21:29:56: Texture: Wall_Mesh13.tga: Loading 1 faces(PF_A8R8G8B8,256x256x1) with  hardware generated mipmaps from Image. Internal format is PF_A8R8G8B8,256x256x1.
21:29:56: Texture: Wall_Mesh14.tga: Loading 1 faces(PF_A8R8G8B8,256x256x1) with  hardware generated mipmaps from Image. Internal format is PF_A8R8G8B8,256x256x1.
21:29:56: Texture: Wall_Mesh15.tga: Loading 1 faces(PF_A8R8G8B8,256x256x1) with  hardware generated mipmaps from Image. Internal format is PF_A8R8G8B8,256x256x1.
21:29:56: Texture: Wall_Mesh16.tga: Loading 1 faces(PF_A8R8G8B8,256x256x1) with  hardware generated mipmaps from Image. Internal format is PF_A8R8G8B8,256x256x1.
21:29:56: Texture: obj_01.tga: Loading 1 faces(PF_A8R8G8B8,256x256x1) with  hardware generated mipmaps from Image. Internal format is PF_A8R8G8B8,256x256x1.
21:29:56: Texture: spot_shadow_fade.png: Loading 1 faces(PF_R8G8B8,128x128x1) with  hardware generated mipmaps from Image. Internal format is PF_X8R8G8B8,128x128x1.
21:29:59: *-*-* OGRE Shutdown
21:29:59: Unregistering ResourceManager for type Compositor
21:29:59: Unregistering ResourceManager for type Font
21:29:59: Unregistering ResourceManager for type Skeleton
21:29:59: Unregistering ResourceManager for type Mesh
21:29:59: Unregistering ResourceManager for type HighLevelGpuProgram
21:29:59: Uninstalling plugin: ParticleUniverse
21:29:59: Plugin successfully uninstalled
21:29:59: Unloading library .\ParticleUniverse_d
21:29:59: Uninstalling plugin: Portal Connected Zone Scene Manager
21:29:59: Plugin successfully uninstalled
21:29:59: Unloading library .\Plugin_PCZSceneManager_d
21:29:59: Uninstalling plugin: Cg Program Manager
21:29:59: Plugin successfully uninstalled
21:29:59: Unloading library .\Plugin_CgProgramManager_d
21:29:59: Uninstalling plugin: Octree & Terrain Scene Manager
21:29:59: Plugin successfully uninstalled
21:29:59: Unloading library .\Plugin_OctreeSceneManager_d
21:29:59: Uninstalling plugin: GL RenderSystem
21:29:59: *** Stopping Win32GL Subsystem ***
21:29:59: Plugin successfully uninstalled
21:29:59: Unloading library .\RenderSystem_GL_d
21:30:00: Uninstalling plugin: D3D9 RenderSystem
21:30:00: D3D9 : Shutting down cleanly.
21:30:00: Unregistering ResourceManager for type Texture
21:30:00: Unregistering ResourceManager for type GpuProgram
21:30:00: D3D9 : Direct3D9 Rendering Subsystem destroyed.
21:30:00: Plugin successfully uninstalled
21:30:00: Unloading library .\RenderSystem_Direct3D9_d
21:30:00: Unregistering ResourceManager for type Material
