21:48:01: Creating resource group General
21:48:01: Creating resource group Internal
21:48:01: Creating resource group Autodetect
21:48:01: SceneManagerFactory for type 'DefaultSceneManager' registered.
21:48:01: Registering ResourceManager for type Material
21:48:01: Registering ResourceManager for type Mesh
21:48:01: Registering ResourceManager for type Skeleton
21:48:01: MovableObjectFactory for type 'ParticleSystem' registered.
21:48:01: OverlayElementFactory for type Panel registered.
21:48:01: OverlayElementFactory for type BorderPanel registered.
21:48:01: OverlayElementFactory for type TextArea registered.
21:48:01: Registering ResourceManager for type Font
21:48:01: ArchiveFactory for archive type FileSystem registered.
21:48:01: ArchiveFactory for archive type Zip registered.
21:48:01: FreeImage version: 3.10.0
21:48:01: This program uses FreeImage, a free, open source image library supporting all common bitmap formats. See http://freeimage.sourceforge.net for details
21:48:01: Supported formats: bmp,ico,jpg,jif,jpeg,jpe,jng,koa,iff,lbm,mng,pbm,pbm,pcd,pcx,pgm,pgm,png,ppm,ppm,ras,tga,targa,tif,tiff,wap,wbmp,wbm,psd,cut,xbm,xpm,gif,hdr,g3,sgi,exr,j2k,j2c,jp2
21:48:01: DDS codec registering
21:48:01: Registering ResourceManager for type HighLevelGpuProgram
21:48:01: Registering ResourceManager for type Compositor
21:48:02: MovableObjectFactory for type 'Entity' registered.
21:48:02: MovableObjectFactory for type 'Light' registered.
21:48:02: MovableObjectFactory for type 'BillboardSet' registered.
21:48:02: MovableObjectFactory for type 'ManualObject' registered.
21:48:02: MovableObjectFactory for type 'BillboardChain' registered.
21:48:02: MovableObjectFactory for type 'RibbonTrail' registered.
21:48:02: OGRE EXCEPTION(6:FileNotFoundException): 'plugins.cfg' file not found! in ConfigFile::load at d:\devel\#projects\ogre\ogreshoggoth\ogremain\src\ogreconfigfile.cpp (line 84)
21:48:02: plugins.cfg not found, automatic plugin loading disabled.
21:48:02: *-*-* OGRE Initialising
21:48:02: *-*-* Version 1.6.1 (Shoggoth)
21:48:02: OGRE EXCEPTION(6:FileNotFoundException): 'ogre.cfg' file not found! in ConfigFile::load at d:\devel\#projects\ogre\ogreshoggoth\ogremain\src\ogreconfigfile.cpp (line 84)
21:48:19: OGRE EXCEPTION(5:ItemIdentityException): No factory found for scene manager of type 'OctreeSceneManager' in SceneManagerEnumerator::createSceneManager at d:\devel\#projects\ogre\ogreshoggoth\ogremain\src\ogrescenemanagerenumerator.cpp (line 181)
