20:39:55: Creating resource group General
20:39:56: Creating resource group Internal
20:39:56: Creating resource group Autodetect
20:39:56: SceneManagerFactory for type 'DefaultSceneManager' registered.
20:39:56: Registering ResourceManager for type Material
20:39:56: Registering ResourceManager for type Mesh
20:39:56: Registering ResourceManager for type Skeleton
20:39:56: MovableObjectFactory for type 'ParticleSystem' registered.
20:39:56: OverlayElementFactory for type Panel registered.
20:39:56: OverlayElementFactory for type BorderPanel registered.
20:39:56: OverlayElementFactory for type TextArea registered.
20:39:56: Registering ResourceManager for type Font
20:39:56: ArchiveFactory for archive type FileSystem registered.
20:39:56: ArchiveFactory for archive type Zip registered.
20:39:56: FreeImage version: 3.10.0
20:39:56: This program uses FreeImage, a free, open source image library supporting all common bitmap formats. See http://freeimage.sourceforge.net for details
20:39:56: Supported formats: bmp,ico,jpg,jif,jpeg,jpe,jng,koa,iff,lbm,mng,pbm,pbm,pcd,pcx,pgm,pgm,png,ppm,ppm,ras,tga,targa,tif,tiff,wap,wbmp,wbm,psd,cut,xbm,xpm,gif,hdr,g3,sgi,exr,j2k,j2c,jp2
20:39:56: DDS codec registering
20:39:56: Registering ResourceManager for type HighLevelGpuProgram
20:39:56: Registering ResourceManager for type Compositor
20:39:56: MovableObjectFactory for type 'Entity' registered.
20:39:56: MovableObjectFactory for type 'Light' registered.
20:39:56: MovableObjectFactory for type 'BillboardSet' registered.
20:39:56: MovableObjectFactory for type 'ManualObject' registered.
20:39:56: MovableObjectFactory for type 'BillboardChain' registered.
20:39:56: MovableObjectFactory for type 'RibbonTrail' registered.
20:39:56: Loading library .\RenderSystem_Direct3D9
20:39:56: Installing plugin: D3D9 RenderSystem
20:39:56: D3D9 : Direct3D9 Rendering Subsystem created.
20:39:56: D3D9: Driver Detection Starts
20:39:56: D3D9: Driver Detection Ends
20:39:56: Plugin successfully installed
20:39:56: Loading library .\Plugin_OctreeSceneManager
20:39:56: Installing plugin: Octree & Terrain Scene Manager
20:39:56: Plugin successfully installed
20:39:56: Loading library .\Plugin_CgProgramManager
20:39:56: Installing plugin: Cg Program Manager
20:39:56: Plugin successfully installed
20:39:56: *-*-* OGRE Initialising
20:39:56: *-*-* Version 1.4.8 (Eihort)
20:39:56: Creating resource group TecnoFreak
20:39:56: Added resource location 'TecnoFreakData.zip' of type 'Zip' to resource group 'TecnoFreak'
20:39:56: Added resource location 'Temp' of type 'FileSystem' to resource group 'TecnoFreak'
20:39:56: D3D9 : RenderSystem Option: Full Screen = No
20:39:56: D3D9 : RenderSystem Option: Video Mode = 1024 x 768 @ 32-bit colour
20:39:56: CPU Identifier & Features
20:39:56: -------------------------
20:39:56:  *   CPU ID: AuthenticAMD: AMD Athlon(tm) 64 Processor 3000+
20:39:56:  *      SSE: yes
20:39:56:  *     SSE2: yes
20:39:56:  *     SSE3: yes
20:39:56:  *      MMX: yes
20:39:56:  *   MMXEXT: yes
20:39:56:  *    3DNOW: yes
20:39:56:  * 3DNOWEXT: yes
20:39:56:  *     CMOV: yes
20:39:56:  *      TSC: yes
20:39:56:  *      FPU: yes
20:39:56:  *      PRO: yes
20:39:56:  *       HT: no
20:39:56: -------------------------
20:39:56: D3D9 : Subsystem Initialising
20:39:56: ***************************************
20:39:56: *** D3D9 : Subsystem Initialised OK ***
20:39:56: ***************************************
20:39:56: D3D9RenderSystem::createRenderWindow "Ogre Window 8129706", 0x0 windowed  miscParams: FSAA=0 externalWindowHandle=8129706 
20:39:56: D3D9 : Created D3D9 Rendering Window 'Ogre Window 8129706' : 489x438, 32bpp
20:39:56: D3D9 : WARNING - disabling VSync in windowed mode can cause timing issues at lower frame rates, turn VSync on if you observe this problem.
20:39:56: Registering ResourceManager for type Texture
20:39:56: Registering ResourceManager for type GpuProgram
20:39:56: D3D9: Vertex texture format supported - PF_FLOAT32_RGB
20:39:56: D3D9: Vertex texture format supported - PF_FLOAT32_RGBA
20:39:56: D3D9: Vertex texture format supported - PF_FLOAT32_R
20:39:56: RenderSystem capabilities
20:39:56: -------------------------
20:39:56:  * Hardware generation of mipmaps: yes
20:39:56:  * Texture blending: yes
20:39:56:  * Anisotropic texture filtering: yes
20:39:56:  * Dot product texture operation: yes
20:39:56:  * Cube mapping: yes
20:39:56:  * Hardware stencil buffer: yes
20:39:56:    - Stencil depth: 8
20:39:56:    - Two sided stencil support: yes
20:39:56:    - Wrap stencil values: yes
20:39:56:  * Hardware vertex / index buffers: yes
20:39:56:  * Vertex programs: yes
20:39:56:    - Max vertex program version: vs_3_0
20:39:56:  * Fragment programs: yes
20:39:56:    - Max fragment program version: ps_3_0
20:39:56:  * Texture Compression: yes
20:39:56:    - DXT: yes
20:39:56:    - VTC: no
20:39:56:  * Scissor Rectangle: yes
20:39:56:  * Hardware Occlusion Query: yes
20:39:56:  * User clip planes: yes
20:39:56:  * VET_UBYTE4 vertex element type: yes
20:39:56:  * Infinite far plane projection: yes
20:39:56:  * Hardware render-to-texture: yes
20:39:56:  * Floating point textures: yes
20:39:56:  * Non-power-of-two textures: yes
20:39:56:  * Volume textures: yes
20:39:56:  * Multiple Render Targets: 4
20:39:56:  * Point Sprites: yes
20:39:56:  * Extended point parameters: yes
20:39:56:  * Max Point Size: 8192
20:39:56:  * Vertex texture fetch: yes
20:39:56:    - Max vertex textures: 4
20:39:56:    - Vertex textures shared: no
20:39:56: ResourceBackgroundQueue - threading disabled
20:39:56: Particle Renderer Type 'billboard' registered
20:39:56: SceneManagerFactory for type 'OctreeSceneManager' registered.
20:39:56: SceneManagerFactory for type 'TerrainSceneManager' registered.
20:39:56: Parsing scripts for resource group Autodetect
20:39:56: Finished parsing scripts for resource group Autodetect
20:39:56: Parsing scripts for resource group General
20:39:56: Finished parsing scripts for resource group General
20:39:56: Parsing scripts for resource group Internal
20:39:56: Finished parsing scripts for resource group Internal
20:39:56: Parsing scripts for resource group TecnoFreak
20:39:56: Parsing script bone.material
20:39:56: Parsing script viewport.material
20:39:56: Finished parsing scripts for resource group TecnoFreak
20:39:56: OGRE EXCEPTION(5:ItemIdentityException): SceneManager instance with name 'Default' not found. in SceneManagerEnumerator::getSceneManager at ..\src\OgreSceneManagerEnumerator.cpp (line 267)
20:39:56: Creating viewport on target 'Ogre Window 8129706', rendering from camera 'Default', relative dimensions L: 0.00 T: 0.00 W: 1.00 H: 1.00 ZOrder: 0
20:39:57: !!! Direct3D Device Lost!
20:39:57: D3D9TextureManager released:
20:39:57: 0 unmanaged textures
20:39:57: D3D9HardwareBufferManager released:
20:39:57: 0 unmanaged vertex buffers
20:39:57: 0 unmanaged index buffers
20:39:57: Reset device ok w:169 h:233
20:39:57: D3D9TextureManager recreated:
20:39:57: 0 unmanaged textures
20:39:57: D3D9HardwareBufferManager recreated:
20:39:57: 0 unmanaged vertex buffers
20:39:57: 0 unmanaged index buffers
20:39:57: !!! Direct3D Device successfully restored.
20:40:52: !!! Direct3D Device Lost!
20:40:52: D3D9TextureManager released:
20:40:52: 0 unmanaged textures
20:40:52: D3D9HardwareBufferManager released:
20:40:52: 0 unmanaged vertex buffers
20:40:52: 0 unmanaged index buffers
20:40:52: Reset device ok w:316 h:429
20:40:52: D3D9TextureManager recreated:
20:40:52: 0 unmanaged textures
20:40:52: D3D9HardwareBufferManager recreated:
20:40:52: 0 unmanaged vertex buffers
20:40:52: 0 unmanaged index buffers
20:40:52: !!! Direct3D Device successfully restored.
20:40:53: !!! Direct3D Device Lost!
20:40:53: D3D9TextureManager released:
20:40:53: 0 unmanaged textures
20:40:53: D3D9HardwareBufferManager released:
20:40:53: 0 unmanaged vertex buffers
20:40:53: 0 unmanaged index buffers
20:40:53: Reset device ok w:217 h:429
20:40:53: D3D9TextureManager recreated:
20:40:53: 0 unmanaged textures
20:40:53: D3D9HardwareBufferManager recreated:
20:40:53: 0 unmanaged vertex buffers
20:40:53: 0 unmanaged index buffers
20:40:53: !!! Direct3D Device successfully restored.
20:41:06: Unloading resource group CharacterResourceGroup
20:41:06: OGRE EXCEPTION(5:ItemIdentityException): Cannot find a group named CharacterResourceGroup in ResourceGroupManager::unloadResourceGroup at ..\src\OgreResourceGroupManager.cpp (line 256)
20:41:06: Creating resource group CharacterResourceGroup
20:41:06: Added resource location 'C:\test\media\friki' of type 'FileSystem' to resource group 'CharacterResourceGroup'
20:41:06: Initialising resource group CharacterResourceGroup
20:41:06: Parsing scripts for resource group CharacterResourceGroup
20:41:06: Parsing script NormalMapping.program
20:41:06: Parsing script freddy.material
20:41:06: Parsing script FreddyHeadMaterial.material
20:41:06: Parsing script Friki.material
20:41:06: Parsing script lostboy.material
20:41:06: Parsing script naruto.material
20:41:06: Finished parsing scripts for resource group CharacterResourceGroup
20:41:06: Unloading resource group CharacterMaterialRsourceGroup
20:41:06: OGRE EXCEPTION(5:ItemIdentityException): Cannot find a group named CharacterMaterialRsourceGroup in ResourceGroupManager::unloadResourceGroup at ..\src\OgreResourceGroupManager.cpp (line 256)
20:41:06: Creating resource group CharacterMaterialRsourceGroup
20:41:06: Added resource location 'C:\test\media\friki\../materials' of type 'FileSystem' to resource group 'CharacterMaterialRsourceGroup'
20:41:06: Added resource location 'C:\test\media\friki\../materials/programs' of type 'FileSystem' to resource group 'CharacterMaterialRsourceGroup'
20:41:06: Added resource location 'C:\test\media\friki\../materials/scripts' of type 'FileSystem' to resource group 'CharacterMaterialRsourceGroup'
20:41:06: Added resource location 'C:\test\media\friki\../materials/textures' of type 'FileSystem' to resource group 'CharacterMaterialRsourceGroup'
20:41:06: Initialising resource group CharacterMaterialRsourceGroup
20:41:06: Parsing scripts for resource group CharacterMaterialRsourceGroup
20:41:06: Finished parsing scripts for resource group CharacterMaterialRsourceGroup
20:41:06: Mesh: Loading freddy.mesh.
20:41:06: Skeleton: Loading Freddy.skeleton
20:41:06: D3D9 : Loading 2D Texture, image name : 'Freddy_diffuse.dds' with 2147483647 mip map levels
20:41:06: Texture: Freddy_normals.png: Loading 1 faces(PF_R8G8B8,1024x1024x1) with  hardware generated mipmaps from Image. Internal format is PF_X8R8G8B8,1024x1024x1.
20:41:07: Mesh: Loading bone.mesh.
20:42:39: !!! Direct3D Device Lost!
20:42:39: D3D9TextureManager released:
20:42:39: 0 unmanaged textures
20:42:39: D3D9HardwareBufferManager released:
20:42:39: 3 unmanaged vertex buffers
20:42:39: 0 unmanaged index buffers
20:42:39: Reset device ok w:64 h:64
20:42:39: D3D9TextureManager recreated:
20:42:39: 0 unmanaged textures
20:42:39: D3D9HardwareBufferManager recreated:
20:42:39: 3 unmanaged vertex buffers
20:42:39: 0 unmanaged index buffers
20:42:39: !!! Direct3D Device successfully restored.
20:45:51: !!! Direct3D Device Lost!
20:45:51: D3D9TextureManager released:
20:45:51: 0 unmanaged textures
20:45:51: D3D9HardwareBufferManager released:
20:45:51: 3 unmanaged vertex buffers
20:45:51: 0 unmanaged index buffers
20:45:52: Reset device ok w:217 h:429
20:45:52: D3D9TextureManager recreated:
20:45:52: 0 unmanaged textures
20:45:52: D3D9HardwareBufferManager recreated:
20:45:52: 3 unmanaged vertex buffers
20:45:52: 0 unmanaged index buffers
20:45:52: !!! Direct3D Device successfully restored.
20:45:54: *-*-* OGRE Shutdown
20:45:54: Unregistering ResourceManager for type Compositor
20:45:54: Unregistering ResourceManager for type Font
20:45:54: Unregistering ResourceManager for type Skeleton
20:45:54: Unregistering ResourceManager for type Mesh
20:45:54: Unregistering ResourceManager for type HighLevelGpuProgram
20:45:54: Uninstalling plugin: Cg Program Manager
20:45:54: Plugin successfully uninstalled
20:45:54: Unloading library .\Plugin_CgProgramManager
20:45:54: Uninstalling plugin: Octree & Terrain Scene Manager
20:45:54: Plugin successfully uninstalled
20:45:54: Unloading library .\Plugin_OctreeSceneManager
20:45:54: Uninstalling plugin: D3D9 RenderSystem
20:45:54: Render Target 'Ogre Window 8129706' Average FPS: 36.4115 Best FPS: 41.502 Worst FPS: 0.851064
20:45:54: D3D9 : Shutting down cleanly.
20:45:54: Unregistering ResourceManager for type Texture
20:45:54: Unregistering ResourceManager for type GpuProgram
20:45:54: D3D9 : Direct3D9 Rendering Subsystem destroyed.
20:45:54: Plugin successfully uninstalled
20:45:54: Unloading library .\RenderSystem_Direct3D9
20:45:54: Unregistering ResourceManager for type Material
